Log file open, 10/06/20 11:27:10
LogInit: Display: Running engine for game: myPONG
LogPlatformFile: Not using cached read wrapper
LogTaskGraph: Started task graph with 5 named threads and 23 total threads with 3 sets of task threads.
LogStats: Stats thread started at 17.212186
LogD3D11RHI: Loaded GFSDK_Aftermath_Lib.x64.dll
LogICUInternationalization: ICU TimeZone Detection - Raw Offset: -6:00, Platform Override: ''
LogPluginManager: Mounting plugin Paper2D
LogPluginManager: Mounting plugin AISupport
LogPluginManager: Mounting plugin LightPropagationVolume
LogPluginManager: Mounting plugin CameraShakePreviewer
LogPluginManager: Mounting plugin ActorLayerUtilities
LogPluginManager: Mounting plugin AnimationSharing
LogPluginManager: Mounting plugin CLionSourceCodeAccess
LogPluginManager: Mounting plugin CodeLiteSourceCodeAccess
LogPluginManager: Mounting plugin GitSourceControl
LogPluginManager: Mounting plugin KDevelopSourceCodeAccess
LogPluginManager: Mounting plugin NullSourceCodeAccess
LogPluginManager: Mounting plugin PerforceSourceControl
LogPluginManager: Mounting plugin PlasticSourceControl
LogPluginManager: Mounting plugin RiderSourceCodeAccess
LogPluginManager: Mounting plugin SubversionSourceControl
LogPluginManager: Mounting plugin UObjectPlugin
LogPluginManager: Mounting plugin VisualStudioCodeSourceCodeAccess
LogPluginManager: Mounting plugin VisualStudioSourceCodeAccess
LogPluginManager: Mounting plugin XCodeSourceCodeAccess
LogPluginManager: Mounting plugin AssetManagerEditor
LogPluginManager: Mounting plugin CryptoKeys
LogPluginManager: Mounting plugin CurveEditorTools
LogPluginManager: Mounting plugin DataValidation
LogPluginManager: Mounting plugin EditorScriptingUtilities
LogPluginManager: Mounting plugin FacialAnimation
LogPluginManager: Mounting plugin GameplayTagsEditor
LogPluginManager: Mounting plugin GeometryMode
LogPluginManager: Mounting plugin MacGraphicsSwitching
LogPluginManager: Mounting plugin MaterialAnalyzer
LogPluginManager: Mounting plugin MobileLauncherProfileWizard
LogPluginManager: Mounting plugin PluginBrowser
LogPluginManager: Mounting plugin SpeedTreeImporter
LogPluginManager: Mounting plugin DatasmithContent
LogPluginManager: Mounting plugin VariantManagerContent
LogPluginManager: Mounting plugin AlembicImporter
LogPluginManager: Mounting plugin AutomationUtils
LogPluginManager: Mounting plugin BackChannel
LogPluginManager: Mounting plugin ChaosCloth
LogPluginManager: Mounting plugin ChaosClothEditor
LogPluginManager: Mounting plugin ChaosEditor
LogPluginManager: Mounting plugin ChaosNiagara
LogPluginManager: Mounting plugin ChaosSolverPlugin
LogPluginManager: Mounting plugin CharacterAI
LogPluginManager: Mounting plugin GeometryCache
LogPluginManager: Mounting plugin GeometryCollectionPlugin
LogPluginManager: Mounting plugin GeometryProcessing
LogPluginManager: Mounting plugin PlanarCut
LogPluginManager: Mounting plugin PlatformCrypto
LogPluginManager: Mounting plugin ProxyLODPlugin
LogPluginManager: Mounting plugin SkeletalReduction
LogPluginManager: Mounting plugin Niagara
LogPluginManager: Mounting plugin MagicLeap
LogPluginManager: Mounting plugin MagicLeapLightEstimation
LogPluginManager: Mounting plugin MagicLeapMedia
LogPluginManager: Mounting plugin MagicLeapPassableWorld
LogPluginManager: Mounting plugin MLSDK
LogPluginManager: Mounting plugin AndroidMedia
LogPluginManager: Mounting plugin AvfMedia
LogPluginManager: Mounting plugin ImgMedia
LogPluginManager: Mounting plugin MediaCompositing
LogPluginManager: Mounting plugin MediaPlayerEditor
LogPluginManager: Mounting plugin WebMMedia
LogPluginManager: Mounting plugin WmfMedia
LogPluginManager: Mounting plugin MeshPainting
LogPluginManager: Mounting plugin TcpMessaging
LogPluginManager: Mounting plugin UdpMessaging
LogPluginManager: Mounting plugin ActorSequence
LogPluginManager: Mounting plugin LevelSequenceEditor
LogPluginManager: Mounting plugin MatineeToLevelSequence
LogPluginManager: Mounting plugin MovieRenderPipeline
LogPluginManager: Mounting plugin TemplateSequence
LogPluginManager: Mounting plugin NetcodeUnitTest
LogPluginManager: Mounting plugin NUTUnrealEngine4
LogPluginManager: Mounting plugin OnlineSubsystemGooglePlay
LogPluginManager: Mounting plugin OnlineSubsystemIOS
LogPluginManager: Mounting plugin OnlineSubsystem
LogPluginManager: Mounting plugin OnlineSubsystemNull
LogPluginManager: Mounting plugin OnlineSubsystemUtils
LogPluginManager: Mounting plugin LauncherChunkInstaller
LogPluginManager: Mounting plugin AndroidDeviceProfileSelector
LogPluginManager: Mounting plugin AndroidMoviePlayer
LogPluginManager: Mounting plugin AndroidPermission
LogPluginManager: Mounting plugin AppleImageUtils
LogPluginManager: Mounting plugin AppleMoviePlayer
LogPluginManager: Mounting plugin ArchVisCharacter
LogPluginManager: Mounting plugin AssetTags
LogPluginManager: Mounting plugin AudioCapture
LogPluginManager: Mounting plugin CableComponent
LogPluginManager: Mounting plugin CustomMeshComponent
LogPluginManager: Mounting plugin EditableMesh
LogPluginManager: Mounting plugin ExampleDeviceProfileSelector
LogPluginManager: Mounting plugin GoogleCloudMessaging
LogPluginManager: Mounting plugin GooglePAD
LogPluginManager: Mounting plugin IOSDeviceProfileSelector
LogPluginManager: Mounting plugin LinuxDeviceProfileSelector
LogPluginManager: Mounting plugin LocationServicesBPLibrary
LogPluginManager: Mounting plugin MobilePatchingUtils
LogPluginManager: Mounting plugin OculusVR
LogPluginManager: Mounting plugin PhysXVehicles
LogPluginManager: Mounting plugin PostSplashScreen
LogPluginManager: Mounting plugin ProceduralMeshComponent
LogPluginManager: Mounting plugin RuntimePhysXCooking
LogPluginManager: Mounting plugin SignificanceManager
LogPluginManager: Mounting plugin SoundFields
LogPluginManager: Mounting plugin SteamVR
LogPluginManager: Mounting plugin Synthesis
LogPluginManager: Mounting plugin WebMMoviePlayer
LogPluginManager: Mounting plugin WindowsMoviePlayer
LogPluginManager: Mounting plugin ScreenshotTools
LogInit: Using libcurl 7.55.1-DEV
LogInit:  - built for x86_64-pc-win32
LogInit:  - supports SSL with OpenSSL/1.1.1
LogInit:  - supports HTTP deflate (compression) using libz 1.2.8
LogInit:  - other features:
LogInit:      CURL_VERSION_SSL
LogInit:      CURL_VERSION_LIBZ
LogInit:      CURL_VERSION_IPV6
LogInit:      CURL_VERSION_ASYNCHDNS
LogInit:      CURL_VERSION_LARGEFILE
LogInit:      CURL_VERSION_IDN
LogInit:  CurlRequestOptions (configurable via config and command line):
LogInit:  - bVerifyPeer = true  - Libcurl will verify peer certificate
LogInit:  - bUseHttpProxy = false  - Libcurl will NOT use HTTP proxy
LogInit:  - bDontReuseConnections = false  - Libcurl will reuse connections
LogInit:  - MaxHostConnections = 16  - Libcurl will limit the number of connections to a host
LogInit:  - LocalHostAddr = Default
LogInit:  - BufferSize = 65536
LogOnline: OSS: Creating online subsystem instance for: NULL
LogInit: WinSock: version 1.1 (2.2), MaxSocks=32767, MaxUdp=65467
LogOnline: OSS: TryLoadSubsystemAndSetDefault: Loaded subsystem for module [NULL]
LogInit: Build: ++UE4+Release-4.25-CL-13942748
LogInit: Engine Version: 4.25.3-13942748+++UE4+Release-4.25
LogInit: Compatible Engine Version: 4.25.0-13144385+++UE4+Release-4.25
LogInit: Net CL: 13144385
LogInit: OS: Windows 10 (Release 2004) (), CPU: Intel(R) Core(TM) i7-7700HQ CPU @ 2.80GHz, GPU: Intel(R) HD Graphics 630
LogInit: Compiled (64-bit): Jul 25 2020 02:07:48
LogInit: Compiled with Visual C++: 19.24.28315.00
LogInit: Build Configuration: Development
LogInit: Branch Name: ++UE4+Release-4.25
LogInit: Command Line: 
LogInit: Base Directory: C:/Program Files/Epic Games/UE_4.25/Engine/Binaries/Win64/
LogInit: Allocator: TBB
LogInit: Installed Engine Build: 1
LogDevObjectVersion: Number of dev versions registered: 26
LogDevObjectVersion:   Dev-Blueprints (B0D832E4-1F89-4F0D-ACCF-7EB736FD4AA2): 10
LogDevObjectVersion:   Dev-Build (E1C64328-A22C-4D53-A36C-8E866417BD8C): 0
LogDevObjectVersion:   Dev-Core (375EC13C-06E4-48FB-B500-84F0262A717E): 4
LogDevObjectVersion:   Dev-Editor (E4B068ED-F494-42E9-A231-DA0B2E46BB41): 38
LogDevObjectVersion:   Dev-Framework (CFFC743F-43B0-4480-9391-14DF171D2073): 37
LogDevObjectVersion:   Dev-Mobile (B02B49B5-BB20-44E9-A304-32B752E40360): 2
LogDevObjectVersion:   Dev-Networking (A4E4105C-59A1-49B5-A7C5-40C4547EDFEE): 0
LogDevObjectVersion:   Dev-Online (39C831C9-5AE6-47DC-9A44-9C173E1C8E7C): 0
LogDevObjectVersion:   Dev-Physics (78F01B33-EBEA-4F98-B9B4-84EACCB95AA2): 4
LogDevObjectVersion:   Dev-Platform (6631380F-2D4D-43E0-8009-CF276956A95A): 0
LogDevObjectVersion:   Dev-Rendering (12F88B9F-8875-4AFC-A67C-D90C383ABD29): 43
LogDevObjectVersion:   Dev-Sequencer (7B5AE74C-D270-4C10-A958-57980B212A5A): 12
LogDevObjectVersion:   Dev-VR (D7296918-1DD6-4BDD-9DE2-64A83CC13884): 3
LogDevObjectVersion:   Dev-LoadTimes (C2A15278-BFE7-4AFE-6C17-90FF531DF755): 1
LogDevObjectVersion:   Private-Geometry (6EACA3D4-40EC-4CC1-B786-8BED09428FC5): 3
LogDevObjectVersion:   Dev-AnimPhys (29E575DD-E0A3-4627-9D10-D276232CDCEA): 17
LogDevObjectVersion:   Dev-Anim (AF43A65D-7FD3-4947-9873-3E8ED9C1BB05): 7
LogDevObjectVersion:   Dev-ReflectionCapture (6B266CEC-1EC7-4B8F-A30B-E4D90942FC07): 1
LogDevObjectVersion:   Dev-Automation (0DF73D61-A23F-47EA-B727-89E90C41499A): 1
LogDevObjectVersion:   FortniteMain (601D1886-AC64-4F84-AA16-D3DE0DEAC7D6): 31
LogDevObjectVersion:   Dev-Enterprise (9DFFBCD6-494F-0158-E221-12823C92A888): 10
LogDevObjectVersion:   Dev-Niagara (F2AED0AC-9AFE-416F-8664-AA7FFA26D6FC): 1
LogDevObjectVersion:   Dev-Destruction (174F1F0B-B4C6-45A5-B13F-2EE8D0FB917D): 10
LogDevObjectVersion:   Dev-Physics-Ext (35F94A83-E258-406C-A318-09F59610247C): 37
LogDevObjectVersion:   Dev-PhysicsMaterial-Chaos (B68FC16E-8B1B-42E2-B453-215C058844FE): 1
LogDevObjectVersion:   Dev-CineCamera (B2E18506-4273-CFC2-A54E-F4BB758BBA07): 1
LogInit: Presizing for max 25165824 objects, including 0 objects not considered by GC, pre-allocating 0 bytes for permanent pool.
LogConfig: Applying CVar settings from Section [/Script/Engine.StreamingSettings] File [C:/Users/Khush/Documents/GitHub/PONG/myPONG/Saved/Config/Windows/Engine.ini]
LogConfig: Setting CVar [[s.MinBulkDataSizeForAsyncLoading:131072]]
LogConfig: Setting CVar [[s.AsyncLoadingThreadEnabled:0]]
LogConfig: Setting CVar [[s.EventDrivenLoaderEnabled:1]]
LogConfig: Setting CVar [[s.WarnIfTimeLimitExceeded:0]]
LogConfig: Setting CVar [[s.TimeLimitExceededMultiplier:1.5]]
LogConfig: Setting CVar [[s.TimeLimitExceededMinTime:0.005]]
LogConfig: Setting CVar [[s.UseBackgroundLevelStreaming:1]]
LogConfig: Setting CVar [[s.PriorityAsyncLoadingExtraTime:15.0]]
LogConfig: Setting CVar [[s.LevelStreamingActorsUpdateTimeLimit:5.0]]
LogConfig: Setting CVar [[s.PriorityLevelStreamingActorsUpdateExtraTime:5.0]]
LogConfig: Setting CVar [[s.LevelStreamingComponentsRegistrationGranularity:10]]
LogConfig: Setting CVar [[s.UnregisterComponentsTimeLimit:1.0]]
LogConfig: Setting CVar [[s.LevelStreamingComponentsUnregistrationGranularity:5]]
LogConfig: Setting CVar [[s.FlushStreamingOnExit:1]]
LogInit: Object subsystem initialized
LogConfig: Setting CVar [[con.DebugEarlyDefault:1]]
LogConfig: Setting CVar [[r.setres:1280x720]]
[2020.10.06-16.27.18:549][  0]LogConfig: Setting CVar [[r.VSync:0]]
[2020.10.06-16.27.18:549][  0]LogConfig: Setting CVar [[r.RHICmdBypass:0]]
[2020.10.06-16.27.18:561][  0]LogConfig: Applying CVar settings from Section [/Script/Engine.RendererSettings] File [C:/Users/Khush/Documents/GitHub/PONG/myPONG/Saved/Config/Windows/Engine.ini]
[2020.10.06-16.27.18:561][  0]LogConfig: Setting CVar [[r.GPUCrashDebugging:0]]
[2020.10.06-16.27.18:561][  0]LogConfig: Setting CVar [[r.SkinCache.CompileShaders:1]]
[2020.10.06-16.27.18:561][  0]LogConfig: Setting CVar [[r.RayTracing:1]]
[2020.10.06-16.27.18:561][  0]LogConfig: Applying CVar settings from Section [/Script/Engine.RendererOverrideSettings] File [C:/Users/Khush/Documents/GitHub/PONG/myPONG/Saved/Config/Windows/Engine.ini]
[2020.10.06-16.27.18:561][  0]LogConfig: Applying CVar settings from Section [/Script/Engine.StreamingSettings] File [C:/Users/Khush/Documents/GitHub/PONG/myPONG/Saved/Config/Windows/Engine.ini]
[2020.10.06-16.27.18:561][  0]LogConfig: Setting CVar [[s.MinBulkDataSizeForAsyncLoading:131072]]
[2020.10.06-16.27.18:562][  0]LogConfig: Setting CVar [[s.AsyncLoadingThreadEnabled:0]]
[2020.10.06-16.27.18:562][  0]LogConfig: Setting CVar [[s.EventDrivenLoaderEnabled:1]]
[2020.10.06-16.27.18:562][  0]LogConfig: Setting CVar [[s.WarnIfTimeLimitExceeded:0]]
[2020.10.06-16.27.18:562][  0]LogConfig: Setting CVar [[s.TimeLimitExceededMultiplier:1.5]]
[2020.10.06-16.27.18:562][  0]LogConfig: Setting CVar [[s.TimeLimitExceededMinTime:0.005]]
[2020.10.06-16.27.18:562][  0]LogConfig: Setting CVar [[s.UseBackgroundLevelStreaming:1]]
[2020.10.06-16.27.18:562][  0]LogConfig: Setting CVar [[s.PriorityAsyncLoadingExtraTime:15.0]]
[2020.10.06-16.27.18:562][  0]LogConfig: Setting CVar [[s.LevelStreamingActorsUpdateTimeLimit:5.0]]
[2020.10.06-16.27.18:562][  0]LogConfig: Setting CVar [[s.PriorityLevelStreamingActorsUpdateExtraTime:5.0]]
[2020.10.06-16.27.18:562][  0]LogConfig: Setting CVar [[s.LevelStreamingComponentsRegistrationGranularity:10]]
[2020.10.06-16.27.18:562][  0]LogConfig: Setting CVar [[s.UnregisterComponentsTimeLimit:1.0]]
[2020.10.06-16.27.18:562][  0]LogConfig: Setting CVar [[s.LevelStreamingComponentsUnregistrationGranularity:5]]
[2020.10.06-16.27.18:562][  0]LogConfig: Setting CVar [[s.FlushStreamingOnExit:1]]
[2020.10.06-16.27.18:562][  0]LogConfig: Applying CVar settings from Section [/Script/Engine.GarbageCollectionSettings] File [C:/Users/Khush/Documents/GitHub/PONG/myPONG/Saved/Config/Windows/Engine.ini]
[2020.10.06-16.27.18:562][  0]LogConfig: Setting CVar [[gc.MaxObjectsNotConsideredByGC:1]]
[2020.10.06-16.27.18:562][  0]LogConfig: Setting CVar [[gc.SizeOfPermanentObjectPool:0]]
[2020.10.06-16.27.18:562][  0]LogConfig: Setting CVar [[gc.FlushStreamingOnGC:0]]
[2020.10.06-16.27.18:562][  0]LogConfig: Setting CVar [[gc.NumRetriesBeforeForcingGC:10]]
[2020.10.06-16.27.18:562][  0]LogConfig: Setting CVar [[gc.AllowParallelGC:1]]
[2020.10.06-16.27.18:562][  0]LogConfig: Setting CVar [[gc.TimeBetweenPurgingPendingKillObjects:61.1]]
[2020.10.06-16.27.18:562][  0]LogConfig: Setting CVar [[gc.MaxObjectsInEditor:25165824]]
[2020.10.06-16.27.18:562][  0]LogConfig: Setting CVar [[gc.IncrementalBeginDestroyEnabled:1]]
[2020.10.06-16.27.18:562][  0]LogConfig: Setting CVar [[gc.CreateGCClusters:1]]
[2020.10.06-16.27.18:562][  0]LogConfig: Setting CVar [[gc.MinGCClusterSize:5]]
[2020.10.06-16.27.18:562][  0]LogConfig: Setting CVar [[gc.ActorClusteringEnabled:0]]
[2020.10.06-16.27.18:562][  0]LogConfig: Setting CVar [[gc.BlueprintClusteringEnabled:0]]
[2020.10.06-16.27.18:562][  0]LogConfig: Setting CVar [[gc.UseDisregardForGCOnDedicatedServers:0]]
[2020.10.06-16.27.18:562][  0]LogConfig: Applying CVar settings from Section [/Script/Engine.NetworkSettings] File [C:/Users/Khush/Documents/GitHub/PONG/myPONG/Saved/Config/Windows/Engine.ini]
[2020.10.06-16.27.18:562][  0]LogConfig: Applying CVar settings from Section [/Script/UnrealEd.CookerSettings] File [C:/Users/Khush/Documents/GitHub/PONG/myPONG/Saved/Config/Windows/Engine.ini]
[2020.10.06-16.27.18:627][  0]LogConfig: Applying CVar settings from Section [ViewDistanceQuality@3] File [C:/Users/Khush/Documents/GitHub/PONG/myPONG/Saved/Config/Windows/Scalability.ini]
[2020.10.06-16.27.18:627][  0]LogConfig: Setting CVar [[r.SkeletalMeshLODBias:0]]
[2020.10.06-16.27.18:627][  0]LogConfig: Setting CVar [[r.ViewDistanceScale:1.0]]
[2020.10.06-16.27.18:627][  0]LogConfig: Applying CVar settings from Section [AntiAliasingQuality@3] File [C:/Users/Khush/Documents/GitHub/PONG/myPONG/Saved/Config/Windows/Scalability.ini]
[2020.10.06-16.27.18:627][  0]LogConfig: Setting CVar [[r.PostProcessAAQuality:4]]
[2020.10.06-16.27.18:627][  0]LogConfig: Applying CVar settings from Section [ShadowQuality@3] File [C:/Users/Khush/Documents/GitHub/PONG/myPONG/Saved/Config/Windows/Scalability.ini]
[2020.10.06-16.27.18:627][  0]LogConfig: Setting CVar [[r.LightFunctionQuality:1]]
[2020.10.06-16.27.18:627][  0]LogConfig: Setting CVar [[r.ShadowQuality:5]]
[2020.10.06-16.27.18:627][  0]LogConfig: Setting CVar [[r.Shadow.CSM.MaxCascades:10]]
[2020.10.06-16.27.18:627][  0]LogConfig: Setting CVar [[r.Shadow.MaxResolution:2048]]
[2020.10.06-16.27.18:627][  0]LogConfig: Setting CVar [[r.Shadow.MaxCSMResolution:2048]]
[2020.10.06-16.27.18:627][  0]LogConfig: Setting CVar [[r.Shadow.RadiusThreshold:0.01]]
[2020.10.06-16.27.18:627][  0]LogConfig: Setting CVar [[r.Shadow.DistanceScale:1.0]]
[2020.10.06-16.27.18:627][  0]LogConfig: Setting CVar [[r.Shadow.CSM.TransitionScale:1.0]]
[2020.10.06-16.27.18:627][  0]LogConfig: Setting CVar [[r.Shadow.PreShadowResolutionFactor:1.0]]
[2020.10.06-16.27.18:627][  0]LogConfig: Setting CVar [[r.DistanceFieldShadowing:1]]
[2020.10.06-16.27.18:627][  0]LogConfig: Setting CVar [[r.DistanceFieldAO:1]]
[2020.10.06-16.27.18:627][  0]LogConfig: Setting CVar [[r.AOQuality:2]]
[2020.10.06-16.27.18:627][  0]LogConfig: Setting CVar [[r.VolumetricFog:1]]
[2020.10.06-16.27.18:627][  0]LogConfig: Setting CVar [[r.VolumetricFog.GridPixelSize:8]]
[2020.10.06-16.27.18:627][  0]LogConfig: Setting CVar [[r.VolumetricFog.GridSizeZ:128]]
[2020.10.06-16.27.18:627][  0]LogConfig: Setting CVar [[r.VolumetricFog.HistoryMissSupersampleCount:4]]
[2020.10.06-16.27.18:627][  0]LogConfig: Setting CVar [[r.LightMaxDrawDistanceScale:1]]
[2020.10.06-16.27.18:627][  0]LogConfig: Setting CVar [[r.CapsuleShadows:1]]
[2020.10.06-16.27.18:627][  0]LogConfig: Applying CVar settings from Section [PostProcessQuality@3] File [C:/Users/Khush/Documents/GitHub/PONG/myPONG/Saved/Config/Windows/Scalability.ini]
[2020.10.06-16.27.18:627][  0]LogConfig: Setting CVar [[r.MotionBlurQuality:4]]
[2020.10.06-16.27.18:627][  0]LogConfig: Setting CVar [[r.AmbientOcclusionMipLevelFactor:0.4]]
[2020.10.06-16.27.18:627][  0]LogConfig: Setting CVar [[r.AmbientOcclusionMaxQuality:100]]
[2020.10.06-16.27.18:627][  0]LogConfig: Setting CVar [[r.AmbientOcclusionLevels:-1]]
[2020.10.06-16.27.18:627][  0]LogConfig: Setting CVar [[r.AmbientOcclusionRadiusScale:1.0]]
[2020.10.06-16.27.18:627][  0]LogConfig: Setting CVar [[r.DepthOfFieldQuality:2]]
[2020.10.06-16.27.18:627][  0]LogConfig: Setting CVar [[r.RenderTargetPoolMin:400]]
[2020.10.06-16.27.18:628][  0]LogConfig: Setting CVar [[r.LensFlareQuality:2]]
[2020.10.06-16.27.18:628][  0]LogConfig: Setting CVar [[r.SceneColorFringeQuality:1]]
[2020.10.06-16.27.18:628][  0]LogConfig: Setting CVar [[r.EyeAdaptationQuality:2]]
[2020.10.06-16.27.18:628][  0]LogConfig: Setting CVar [[r.BloomQuality:5]]
[2020.10.06-16.27.18:628][  0]LogConfig: Setting CVar [[r.FastBlurThreshold:100]]
[2020.10.06-16.27.18:628][  0]LogConfig: Setting CVar [[r.Upscale.Quality:3]]
[2020.10.06-16.27.18:628][  0]LogConfig: Setting CVar [[r.Tonemapper.GrainQuantization:1]]
[2020.10.06-16.27.18:628][  0]LogConfig: Setting CVar [[r.LightShaftQuality:1]]
[2020.10.06-16.27.18:628][  0]LogConfig: Setting CVar [[r.Filter.SizeScale:1]]
[2020.10.06-16.27.18:628][  0]LogConfig: Setting CVar [[r.Tonemapper.Quality:5]]
[2020.10.06-16.27.18:628][  0]LogConfig: Setting CVar [[r.DOF.Gather.AccumulatorQuality:1        ; higher gathering accumulator quality]]
[2020.10.06-16.27.18:628][  0]LogConfig: Setting CVar [[r.DOF.Gather.PostfilterMethod:1          ; Median3x3 postfilering method]]
[2020.10.06-16.27.18:628][  0]LogConfig: Setting CVar [[r.DOF.Gather.EnableBokehSettings:0       ; no bokeh simulation when gathering]]
[2020.10.06-16.27.18:628][  0]LogConfig: Setting CVar [[r.DOF.Gather.RingCount:4                 ; medium number of samples when gathering]]
[2020.10.06-16.27.18:628][  0]LogConfig: Setting CVar [[r.DOF.Scatter.ForegroundCompositing:1    ; additive foreground scattering]]
[2020.10.06-16.27.18:628][  0]LogConfig: Setting CVar [[r.DOF.Scatter.BackgroundCompositing:2    ; additive background scattering]]
[2020.10.06-16.27.18:628][  0]LogConfig: Setting CVar [[r.DOF.Scatter.EnableBokehSettings:1      ; bokeh simulation when scattering]]
[2020.10.06-16.27.18:628][  0]LogConfig: Setting CVar [[r.DOF.Scatter.MaxSpriteRatio:0.1         ; only a maximum of 10% of scattered bokeh]]
[2020.10.06-16.27.18:628][  0]LogConfig: Setting CVar [[r.DOF.Recombine.Quality:1                ; cheap slight out of focus]]
[2020.10.06-16.27.18:628][  0]LogConfig: Setting CVar [[r.DOF.Recombine.EnableBokehSettings:0    ; no bokeh simulation on slight out of focus]]
[2020.10.06-16.27.18:628][  0]LogConfig: Setting CVar [[r.DOF.TemporalAAQuality:1                ; more stable temporal accumulation]]
[2020.10.06-16.27.18:628][  0]LogConfig: Setting CVar [[r.DOF.Kernel.MaxForegroundRadius:0.025]]
[2020.10.06-16.27.18:628][  0]LogConfig: Setting CVar [[r.DOF.Kernel.MaxBackgroundRadius:0.025]]
[2020.10.06-16.27.18:628][  0]LogConfig: Applying CVar settings from Section [TextureQuality@3] File [C:/Users/Khush/Documents/GitHub/PONG/myPONG/Saved/Config/Windows/Scalability.ini]
[2020.10.06-16.27.18:628][  0]LogConfig: Setting CVar [[r.Streaming.MipBias:0]]
[2020.10.06-16.27.18:628][  0]LogConfig: Setting CVar [[r.Streaming.AmortizeCPUToGPUCopy:0]]
[2020.10.06-16.27.18:628][  0]LogConfig: Setting CVar [[r.Streaming.MaxNumTexturesToStreamPerFrame:0]]
[2020.10.06-16.27.18:628][  0]LogConfig: Setting CVar [[r.Streaming.Boost:1]]
[2020.10.06-16.27.18:628][  0]LogConfig: Setting CVar [[r.MaxAnisotropy:8]]
[2020.10.06-16.27.18:628][  0]LogConfig: Setting CVar [[r.VT.MaxAnisotropy:8]]
[2020.10.06-16.27.18:628][  0]LogConfig: Setting CVar [[r.Streaming.LimitPoolSizeToVRAM:0]]
[2020.10.06-16.27.18:628][  0]LogConfig: Setting CVar [[r.Streaming.PoolSize:1000]]
[2020.10.06-16.27.18:628][  0]LogConfig: Setting CVar [[r.Streaming.MaxEffectiveScreenSize:0]]
[2020.10.06-16.27.18:628][  0]LogConfig: Applying CVar settings from Section [EffectsQuality@3] File [C:/Users/Khush/Documents/GitHub/PONG/myPONG/Saved/Config/Windows/Scalability.ini]
[2020.10.06-16.27.18:628][  0]LogConfig: Setting CVar [[r.TranslucencyLightingVolumeDim:64]]
[2020.10.06-16.27.18:628][  0]LogConfig: Setting CVar [[r.RefractionQuality:2]]
[2020.10.06-16.27.18:628][  0]LogConfig: Setting CVar [[r.SSR.Quality:3]]
[2020.10.06-16.27.18:628][  0]LogConfig: Setting CVar [[r.SSR.HalfResSceneColor:0]]
[2020.10.06-16.27.18:628][  0]LogConfig: Setting CVar [[r.SceneColorFormat:4]]
[2020.10.06-16.27.18:628][  0]LogConfig: Setting CVar [[r.DetailMode:2]]
[2020.10.06-16.27.18:628][  0]LogConfig: Setting CVar [[r.TranslucencyVolumeBlur:1]]
[2020.10.06-16.27.18:628][  0]LogConfig: Setting CVar [[r.MaterialQualityLevel:1 ; High quality]]
[2020.10.06-16.27.18:628][  0]LogConfig: Setting CVar [[r.SSS.Scale:1]]
[2020.10.06-16.27.18:628][  0]LogConfig: Setting CVar [[r.SSS.SampleSet:2]]
[2020.10.06-16.27.18:628][  0]LogConfig: Setting CVar [[r.SSS.Quality:1]]
[2020.10.06-16.27.18:628][  0]LogConfig: Setting CVar [[r.SSS.HalfRes:0]]
[2020.10.06-16.27.18:628][  0]LogConfig: Setting CVar [[r.SSGI.Quality:3]]
[2020.10.06-16.27.18:628][  0]LogConfig: Setting CVar [[r.EmitterSpawnRateScale:1.0]]
[2020.10.06-16.27.18:628][  0]LogConfig: Setting CVar [[r.ParticleLightQuality:2]]
[2020.10.06-16.27.18:628][  0]LogConfig: Setting CVar [[r.SkyAtmosphere.AerialPerspectiveLUT.FastApplyOnOpaque:1 ; Always have FastSkyLUT 1 in this case to avoid wrong sky]]
[2020.10.06-16.27.18:628][  0]LogConfig: Setting CVar [[r.SkyAtmosphere.AerialPerspectiveLUT.SampleCountPerSlice:1]]
[2020.10.06-16.27.18:628][  0]LogConfig: Setting CVar [[r.SkyAtmosphere.AerialPerspectiveLUT.DepthResolution:16.0]]
[2020.10.06-16.27.18:628][  0]LogConfig: Setting CVar [[r.SkyAtmosphere.FastSkyLUT:1]]
[2020.10.06-16.27.18:628][  0]LogConfig: Setting CVar [[r.SkyAtmosphere.FastSkyLUT.SampleCountMin:4.0]]
[2020.10.06-16.27.18:628][  0]LogConfig: Setting CVar [[r.SkyAtmosphere.FastSkyLUT.SampleCountMax:32.0]]
[2020.10.06-16.27.18:628][  0]LogConfig: Setting CVar [[r.SkyAtmosphere.SampleCountMin:4.0]]
[2020.10.06-16.27.18:628][  0]LogConfig: Setting CVar [[r.SkyAtmosphere.SampleCountMax:32.0]]
[2020.10.06-16.27.18:628][  0]LogConfig: Setting CVar [[r.SkyAtmosphere.TransmittanceLUT.UseSmallFormat:0]]
[2020.10.06-16.27.18:628][  0]LogConfig: Setting CVar [[r.SkyAtmosphere.TransmittanceLUT.SampleCount:10.0]]
[2020.10.06-16.27.18:628][  0]LogConfig: Setting CVar [[r.SkyAtmosphere.MultiScatteringLUT.SampleCount:15.0]]
[2020.10.06-16.27.18:628][  0]LogConfig: Applying CVar settings from Section [FoliageQuality@3] File [C:/Users/Khush/Documents/GitHub/PONG/myPONG/Saved/Config/Windows/Scalability.ini]
[2020.10.06-16.27.18:628][  0]LogConfig: Setting CVar [[foliage.DensityScale:1.0]]
[2020.10.06-16.27.18:628][  0]LogConfig: Setting CVar [[grass.DensityScale:1.0]]
[2020.10.06-16.27.18:628][  0]LogConfig: Applying CVar settings from Section [ShadingQuality@3] File [C:/Users/Khush/Documents/GitHub/PONG/myPONG/Saved/Config/Windows/Scalability.ini]
[2020.10.06-16.27.18:628][  0]LogConfig: Setting CVar [[r.HairStrands.SkyLighting.SampleCount:16]]
[2020.10.06-16.27.18:628][  0]LogConfig: Setting CVar [[r.HairStrands.SkyLighting.JitterIntegration:0]]
[2020.10.06-16.27.18:628][  0]LogConfig: Setting CVar [[r.HairStrands.SkyAO.SampleCount:16]]
[2020.10.06-16.27.18:628][  0]LogConfig: Setting CVar [[r.HairStrands.DeepShadow.SuperSampling:0]]
[2020.10.06-16.27.18:628][  0]LogConfig: Setting CVar [[r.HairStrands.VisibilityPPLL:0]]
[2020.10.06-16.27.18:628][  0]LogConfig: Setting CVar [[r.HairStrands.RasterizationScale:0.5]]
[2020.10.06-16.27.18:628][  0]LogConfig: Setting CVar [[r.HairStrands.VelocityRasterizationScale:1]]
[2020.10.06-16.27.18:651][  0]LogInit: Selected Device Profile: [Windows]
[2020.10.06-16.27.18:667][  0]LogInit: Applying CVar settings loaded from the selected device profile: [Windows]
[2020.10.06-16.27.18:689][  0]LogHAL: Display: Platform has ~ 8 GB [8467877888 / 8589934592 / 8], which maps to Default [LargestMinGB=32, LargerMinGB=12, DefaultMinGB=8, SmallerMinGB=6, SmallestMinGB=0)
[2020.10.06-16.27.18:689][  0]LogInit: Going up to parent DeviceProfile []
[2020.10.06-16.27.18:714][  0]LogConfig: Applying CVar settings from Section [ViewDistanceQuality@3] File [C:/Users/Khush/Documents/GitHub/PONG/myPONG/Saved/Config/Windows/Scalability.ini]
[2020.10.06-16.27.18:714][  0]LogConfig: Setting CVar [[r.SkeletalMeshLODBias:0]]
[2020.10.06-16.27.18:714][  0]LogConfig: Setting CVar [[r.ViewDistanceScale:1.0]]
[2020.10.06-16.27.18:714][  0]LogConfig: Applying CVar settings from Section [AntiAliasingQuality@3] File [C:/Users/Khush/Documents/GitHub/PONG/myPONG/Saved/Config/Windows/Scalability.ini]
[2020.10.06-16.27.18:714][  0]LogConfig: Setting CVar [[r.PostProcessAAQuality:4]]
[2020.10.06-16.27.18:714][  0]LogConfig: Applying CVar settings from Section [ShadowQuality@3] File [C:/Users/Khush/Documents/GitHub/PONG/myPONG/Saved/Config/Windows/Scalability.ini]
[2020.10.06-16.27.18:714][  0]LogConfig: Setting CVar [[r.LightFunctionQuality:1]]
[2020.10.06-16.27.18:714][  0]LogConfig: Setting CVar [[r.ShadowQuality:5]]
[2020.10.06-16.27.18:714][  0]LogConfig: Setting CVar [[r.Shadow.CSM.MaxCascades:10]]
[2020.10.06-16.27.18:714][  0]LogConfig: Setting CVar [[r.Shadow.MaxResolution:2048]]
[2020.10.06-16.27.18:714][  0]LogConfig: Setting CVar [[r.Shadow.MaxCSMResolution:2048]]
[2020.10.06-16.27.18:714][  0]LogConfig: Setting CVar [[r.Shadow.RadiusThreshold:0.01]]
[2020.10.06-16.27.18:714][  0]LogConfig: Setting CVar [[r.Shadow.DistanceScale:1.0]]
[2020.10.06-16.27.18:714][  0]LogConfig: Setting CVar [[r.Shadow.CSM.TransitionScale:1.0]]
[2020.10.06-16.27.18:714][  0]LogConfig: Setting CVar [[r.Shadow.PreShadowResolutionFactor:1.0]]
[2020.10.06-16.27.18:714][  0]LogConfig: Setting CVar [[r.DistanceFieldShadowing:1]]
[2020.10.06-16.27.18:714][  0]LogConfig: Setting CVar [[r.DistanceFieldAO:1]]
[2020.10.06-16.27.18:714][  0]LogConfig: Setting CVar [[r.AOQuality:2]]
[2020.10.06-16.27.18:714][  0]LogConfig: Setting CVar [[r.VolumetricFog:1]]
[2020.10.06-16.27.18:714][  0]LogConfig: Setting CVar [[r.VolumetricFog.GridPixelSize:8]]
[2020.10.06-16.27.18:714][  0]LogConfig: Setting CVar [[r.VolumetricFog.GridSizeZ:128]]
[2020.10.06-16.27.18:715][  0]LogConfig: Setting CVar [[r.VolumetricFog.HistoryMissSupersampleCount:4]]
[2020.10.06-16.27.18:715][  0]LogConfig: Setting CVar [[r.LightMaxDrawDistanceScale:1]]
[2020.10.06-16.27.18:715][  0]LogConfig: Setting CVar [[r.CapsuleShadows:1]]
[2020.10.06-16.27.18:715][  0]LogConfig: Applying CVar settings from Section [PostProcessQuality@3] File [C:/Users/Khush/Documents/GitHub/PONG/myPONG/Saved/Config/Windows/Scalability.ini]
[2020.10.06-16.27.18:715][  0]LogConfig: Setting CVar [[r.MotionBlurQuality:4]]
[2020.10.06-16.27.18:715][  0]LogConfig: Setting CVar [[r.AmbientOcclusionMipLevelFactor:0.4]]
[2020.10.06-16.27.18:715][  0]LogConfig: Setting CVar [[r.AmbientOcclusionMaxQuality:100]]
[2020.10.06-16.27.18:715][  0]LogConfig: Setting CVar [[r.AmbientOcclusionLevels:-1]]
[2020.10.06-16.27.18:715][  0]LogConfig: Setting CVar [[r.AmbientOcclusionRadiusScale:1.0]]
[2020.10.06-16.27.18:715][  0]LogConfig: Setting CVar [[r.DepthOfFieldQuality:2]]
[2020.10.06-16.27.18:715][  0]LogConfig: Setting CVar [[r.RenderTargetPoolMin:400]]
[2020.10.06-16.27.18:715][  0]LogConfig: Setting CVar [[r.LensFlareQuality:2]]
[2020.10.06-16.27.18:715][  0]LogConfig: Setting CVar [[r.SceneColorFringeQuality:1]]
[2020.10.06-16.27.18:715][  0]LogConfig: Setting CVar [[r.EyeAdaptationQuality:2]]
[2020.10.06-16.27.18:715][  0]LogConfig: Setting CVar [[r.BloomQuality:5]]
[2020.10.06-16.27.18:715][  0]LogConfig: Setting CVar [[r.FastBlurThreshold:100]]
[2020.10.06-16.27.18:715][  0]LogConfig: Setting CVar [[r.Upscale.Quality:3]]
[2020.10.06-16.27.18:715][  0]LogConfig: Setting CVar [[r.Tonemapper.GrainQuantization:1]]
[2020.10.06-16.27.18:715][  0]LogConfig: Setting CVar [[r.LightShaftQuality:1]]
[2020.10.06-16.27.18:715][  0]LogConfig: Setting CVar [[r.Filter.SizeScale:1]]
[2020.10.06-16.27.18:715][  0]LogConfig: Setting CVar [[r.Tonemapper.Quality:5]]
[2020.10.06-16.27.18:715][  0]LogConfig: Setting CVar [[r.DOF.Gather.AccumulatorQuality:1        ; higher gathering accumulator quality]]
[2020.10.06-16.27.18:715][  0]LogConfig: Setting CVar [[r.DOF.Gather.PostfilterMethod:1          ; Median3x3 postfilering method]]
[2020.10.06-16.27.18:715][  0]LogConfig: Setting CVar [[r.DOF.Gather.EnableBokehSettings:0       ; no bokeh simulation when gathering]]
[2020.10.06-16.27.18:715][  0]LogConfig: Setting CVar [[r.DOF.Gather.RingCount:4                 ; medium number of samples when gathering]]
[2020.10.06-16.27.18:715][  0]LogConfig: Setting CVar [[r.DOF.Scatter.ForegroundCompositing:1    ; additive foreground scattering]]
[2020.10.06-16.27.18:715][  0]LogConfig: Setting CVar [[r.DOF.Scatter.BackgroundCompositing:2    ; additive background scattering]]
[2020.10.06-16.27.18:715][  0]LogConfig: Setting CVar [[r.DOF.Scatter.EnableBokehSettings:1      ; bokeh simulation when scattering]]
[2020.10.06-16.27.18:716][  0]LogConfig: Setting CVar [[r.DOF.Scatter.MaxSpriteRatio:0.1         ; only a maximum of 10% of scattered bokeh]]
[2020.10.06-16.27.18:716][  0]LogConfig: Setting CVar [[r.DOF.Recombine.Quality:1                ; cheap slight out of focus]]
[2020.10.06-16.27.18:716][  0]LogConfig: Setting CVar [[r.DOF.Recombine.EnableBokehSettings:0    ; no bokeh simulation on slight out of focus]]
[2020.10.06-16.27.18:716][  0]LogConfig: Setting CVar [[r.DOF.TemporalAAQuality:1                ; more stable temporal accumulation]]
[2020.10.06-16.27.18:716][  0]LogConfig: Setting CVar [[r.DOF.Kernel.MaxForegroundRadius:0.025]]
[2020.10.06-16.27.18:716][  0]LogConfig: Setting CVar [[r.DOF.Kernel.MaxBackgroundRadius:0.025]]
[2020.10.06-16.27.18:716][  0]LogConfig: Applying CVar settings from Section [TextureQuality@3] File [C:/Users/Khush/Documents/GitHub/PONG/myPONG/Saved/Config/Windows/Scalability.ini]
[2020.10.06-16.27.18:716][  0]LogConfig: Setting CVar [[r.Streaming.MipBias:0]]
[2020.10.06-16.27.18:716][  0]LogConfig: Setting CVar [[r.Streaming.AmortizeCPUToGPUCopy:0]]
[2020.10.06-16.27.18:716][  0]LogConfig: Setting CVar [[r.Streaming.MaxNumTexturesToStreamPerFrame:0]]
[2020.10.06-16.27.18:716][  0]LogConfig: Setting CVar [[r.Streaming.Boost:1]]
[2020.10.06-16.27.18:716][  0]LogConfig: Setting CVar [[r.MaxAnisotropy:8]]
[2020.10.06-16.27.18:716][  0]LogConfig: Setting CVar [[r.VT.MaxAnisotropy:8]]
[2020.10.06-16.27.18:716][  0]LogConfig: Setting CVar [[r.Streaming.LimitPoolSizeToVRAM:0]]
[2020.10.06-16.27.18:716][  0]LogConfig: Setting CVar [[r.Streaming.PoolSize:1000]]
[2020.10.06-16.27.18:716][  0]LogConfig: Setting CVar [[r.Streaming.MaxEffectiveScreenSize:0]]
[2020.10.06-16.27.18:716][  0]LogConfig: Applying CVar settings from Section [EffectsQuality@3] File [C:/Users/Khush/Documents/GitHub/PONG/myPONG/Saved/Config/Windows/Scalability.ini]
[2020.10.06-16.27.18:716][  0]LogConfig: Setting CVar [[r.TranslucencyLightingVolumeDim:64]]
[2020.10.06-16.27.18:716][  0]LogConfig: Setting CVar [[r.RefractionQuality:2]]
[2020.10.06-16.27.18:716][  0]LogConfig: Setting CVar [[r.SSR.Quality:3]]
[2020.10.06-16.27.18:716][  0]LogConfig: Setting CVar [[r.SSR.HalfResSceneColor:0]]
[2020.10.06-16.27.18:716][  0]LogConfig: Setting CVar [[r.SceneColorFormat:4]]
[2020.10.06-16.27.18:716][  0]LogConfig: Setting CVar [[r.DetailMode:2]]
[2020.10.06-16.27.18:716][  0]LogConfig: Setting CVar [[r.TranslucencyVolumeBlur:1]]
[2020.10.06-16.27.18:716][  0]LogConfig: Setting CVar [[r.MaterialQualityLevel:1 ; High quality]]
[2020.10.06-16.27.18:716][  0]LogConfig: Setting CVar [[r.SSS.Scale:1]]
[2020.10.06-16.27.18:716][  0]LogConfig: Setting CVar [[r.SSS.SampleSet:2]]
[2020.10.06-16.27.18:716][  0]LogConfig: Setting CVar [[r.SSS.Quality:1]]
[2020.10.06-16.27.18:716][  0]LogConfig: Setting CVar [[r.SSS.HalfRes:0]]
[2020.10.06-16.27.18:716][  0]LogConfig: Setting CVar [[r.SSGI.Quality:3]]
[2020.10.06-16.27.18:716][  0]LogConfig: Setting CVar [[r.EmitterSpawnRateScale:1.0]]
[2020.10.06-16.27.18:716][  0]LogConfig: Setting CVar [[r.ParticleLightQuality:2]]
[2020.10.06-16.27.18:716][  0]LogConfig: Setting CVar [[r.SkyAtmosphere.AerialPerspectiveLUT.FastApplyOnOpaque:1 ; Always have FastSkyLUT 1 in this case to avoid wrong sky]]
[2020.10.06-16.27.18:716][  0]LogConfig: Setting CVar [[r.SkyAtmosphere.AerialPerspectiveLUT.SampleCountPerSlice:1]]
[2020.10.06-16.27.18:716][  0]LogConfig: Setting CVar [[r.SkyAtmosphere.AerialPerspectiveLUT.DepthResolution:16.0]]
[2020.10.06-16.27.18:716][  0]LogConfig: Setting CVar [[r.SkyAtmosphere.FastSkyLUT:1]]
[2020.10.06-16.27.18:716][  0]LogConfig: Setting CVar [[r.SkyAtmosphere.FastSkyLUT.SampleCountMin:4.0]]
[2020.10.06-16.27.18:716][  0]LogConfig: Setting CVar [[r.SkyAtmosphere.FastSkyLUT.SampleCountMax:32.0]]
[2020.10.06-16.27.18:716][  0]LogConfig: Setting CVar [[r.SkyAtmosphere.SampleCountMin:4.0]]
[2020.10.06-16.27.18:716][  0]LogConfig: Setting CVar [[r.SkyAtmosphere.SampleCountMax:32.0]]
[2020.10.06-16.27.18:716][  0]LogConfig: Setting CVar [[r.SkyAtmosphere.TransmittanceLUT.UseSmallFormat:0]]
[2020.10.06-16.27.18:716][  0]LogConfig: Setting CVar [[r.SkyAtmosphere.TransmittanceLUT.SampleCount:10.0]]
[2020.10.06-16.27.18:716][  0]LogConfig: Setting CVar [[r.SkyAtmosphere.MultiScatteringLUT.SampleCount:15.0]]
[2020.10.06-16.27.18:716][  0]LogConfig: Applying CVar settings from Section [FoliageQuality@3] File [C:/Users/Khush/Documents/GitHub/PONG/myPONG/Saved/Config/Windows/Scalability.ini]
[2020.10.06-16.27.18:717][  0]LogConfig: Setting CVar [[foliage.DensityScale:1.0]]
[2020.10.06-16.27.18:717][  0]LogConfig: Setting CVar [[grass.DensityScale:1.0]]
[2020.10.06-16.27.18:717][  0]LogConfig: Applying CVar settings from Section [ShadingQuality@3] File [C:/Users/Khush/Documents/GitHub/PONG/myPONG/Saved/Config/Windows/Scalability.ini]
[2020.10.06-16.27.18:717][  0]LogConfig: Setting CVar [[r.HairStrands.SkyLighting.SampleCount:16]]
[2020.10.06-16.27.18:717][  0]LogConfig: Setting CVar [[r.HairStrands.SkyLighting.JitterIntegration:0]]
[2020.10.06-16.27.18:717][  0]LogConfig: Setting CVar [[r.HairStrands.SkyAO.SampleCount:16]]
[2020.10.06-16.27.18:717][  0]LogConfig: Setting CVar [[r.HairStrands.DeepShadow.SuperSampling:0]]
[2020.10.06-16.27.18:717][  0]LogConfig: Setting CVar [[r.HairStrands.VisibilityPPLL:0]]
[2020.10.06-16.27.18:717][  0]LogConfig: Setting CVar [[r.HairStrands.RasterizationScale:0.5]]
[2020.10.06-16.27.18:717][  0]LogConfig: Setting CVar [[r.HairStrands.VelocityRasterizationScale:1]]
[2020.10.06-16.27.18:717][  0]LogConfig: Applying CVar settings from Section [Startup] File [../../../Engine/Config/ConsoleVariables.ini]
[2020.10.06-16.27.18:743][  0]LogConfig: Setting CVar [[net.UseAdaptiveNetUpdateFrequency:0]]
[2020.10.06-16.27.18:743][  0]LogConfig: Setting CVar [[p.chaos.AllowCreatePhysxBodies:1]]
[2020.10.06-16.27.18:744][  0]LogConfig: Setting CVar [[fx.SkipVectorVMBackendOptimizations:1]]
[2020.10.06-16.27.18:744][  0]LogConfig: Applying CVar settings from Section [ConsoleVariables] File [C:/Users/Khush/Documents/GitHub/PONG/myPONG/Saved/Config/Windows/Engine.ini]
[2020.10.06-16.27.18:876][  0]LogInit: Computer: DESKTOP-D0ALFV9
[2020.10.06-16.27.18:876][  0]LogInit: User: Khush
[2020.10.06-16.27.18:894][  0]LogInit: CPU Page size=4096, Cores=4
[2020.10.06-16.27.18:894][  0]LogInit: High frequency timer resolution =10.000000 MHz
[2020.10.06-16.27.18:894][  0]LogMemory: Memory total: Physical=7.9GB (8GB approx)
[2020.10.06-16.27.18:914][  0]LogMemory: Platform Memory Stats for Windows
[2020.10.06-16.27.18:914][  0]LogMemory: Process Physical Memory: 114.27 MB used, 114.27 MB peak
[2020.10.06-16.27.18:914][  0]LogMemory: Process Virtual Memory: 96.11 MB used, 96.11 MB peak
[2020.10.06-16.27.18:914][  0]LogMemory: Physical Memory: 6102.59 MB used,  1973.01 MB free, 8075.60 MB total
[2020.10.06-16.27.18:914][  0]LogMemory: Virtual Memory: 5144.86 MB used,  134212584.00 MB free, 134217728.00 MB total
[2020.10.06-16.27.19:063][  0]LogWindows: WindowsPlatformFeatures enabled
[2020.10.06-16.27.22:864][  0]LogInit: Physics initialised using underlying interface: PhysX
[2020.10.06-16.27.23:074][  0]LogInit: Using OS detected language (en-US).
[2020.10.06-16.27.23:074][  0]LogInit: Using OS detected locale (en-US).
[2020.10.06-16.27.23:577][  0]LogTextLocalizationManager: No specific localization for 'en-US' exists, so the 'en' localization will be used.
[2020.10.06-16.27.25:756][  0]LogInit: Setting process to per monitor DPI aware
[2020.10.06-16.27.29:474][  0]LogSlate: New Slate User Created.  User Index 0, Is Virtual User: 0
[2020.10.06-16.27.29:474][  0]LogSlate: Slate User Registered.  User Index 0, Is Virtual User: 0
[2020.10.06-16.27.55:119][  0]LogD3D12RHI: Aftermath initialized
[2020.10.06-16.27.55:119][  0]LogD3D12RHI: Loading WinPixEventRuntime.dll for PIX profiling (from ../../../Engine/Binaries/ThirdParty/Windows/WinPixEventRuntime/x64).
[2020.10.06-16.27.55:630][  0]LogHMD: Failed to initialize OpenVR with code 110
[2020.10.06-16.27.57:980][  0]LogD3D12RHI: Found D3D12 adapter 0: NVIDIA GeForce GTX 1060 (Max supported Feature Level 12_1)
[2020.10.06-16.27.57:980][  0]LogD3D12RHI: Adapter has 6061MB of dedicated video memory, 0MB of dedicated system memory, and 4037MB of shared system memory, 1 output[s]
[2020.10.06-16.27.59:041][  0]LogD3D12RHI: Found D3D12 adapter 1: Intel(R) HD Graphics 630 (Max supported Feature Level 12_1)
[2020.10.06-16.27.59:041][  0]LogD3D12RHI: Adapter has 128MB of dedicated video memory, 0MB of dedicated system memory, and 4037MB of shared system memory, 0 output[s]
[2020.10.06-16.27.59:278][  0]LogD3D12RHI: Found D3D12 adapter 2: Microsoft Basic Render Driver (Max supported Feature Level 12_1)
[2020.10.06-16.27.59:278][  0]LogD3D12RHI: Adapter has 0MB of dedicated video memory, 0MB of dedicated system memory, and 4037MB of shared system memory, 0 output[s]
[2020.10.06-16.27.59:278][  0]LogD3D12RHI: Forcing D3D12.AsyncDeferredDeletion=0 as a workaround for a deadlock.
[2020.10.06-16.27.59:296][  0]LogD3D12RHI: Chosen D3D12 Adapter Id = 0
[2020.10.06-16.27.59:373][  0]LogD3D12RHI: Emitting draw events for PIX profiling.
[2020.10.06-16.27.59:450][  0]LogD3D12RHI: The system supports ID3D12Device1.
[2020.10.06-16.27.59:450][  0]LogD3D12RHI: The system supports ID3D12Device2.
[2020.10.06-16.27.59:622][  0]LogD3D12RHI: [GPUBreadCrumb] Successfully setup breadcrumb resource for 3D Queue 0
[2020.10.06-16.27.59:662][  0]LogD3D12RHI: [GPUBreadCrumb] Successfully setup breadcrumb resource for Copy Queue 0
[2020.10.06-16.27.59:696][  0]LogD3D12RHI: [GPUBreadCrumb] Successfully setup breadcrumb resource for Compute Queue 0
[2020.10.06-16.27.59:759][  0]LogD3D12RHI: Display: Not using pipeline state disk cache per r.D3D12.PSO.DiskCache=0
[2020.10.06-16.27.59:759][  0]LogD3D12RHI: Display: Not using driver-optimized pipeline state disk cache per r.D3D12.PSO.DriverOptimizedDiskCache=0
[2020.10.06-16.27.59:953][  0]LogD3D12RHI:     GPU DeviceId: 0x1c20 (for the marketing name, search the web for "GPU Device Id")
[2020.10.06-16.27.59:968][  0]LogWindows: EnumDisplayDevices:
[2020.10.06-16.27.59:968][  0]LogWindows:    0. 'Intel(R) HD Graphics 630' (P:1 D:1)
[2020.10.06-16.27.59:969][  0]LogWindows:    1. 'Intel(R) HD Graphics 630' (P:0 D:0)
[2020.10.06-16.27.59:969][  0]LogWindows:    2. 'Intel(R) HD Graphics 630' (P:0 D:0)
[2020.10.06-16.27.59:970][  0]LogWindows:    3. 'NVIDIA GeForce GTX 1060' (P:0 D:0)
[2020.10.06-16.27.59:970][  0]LogWindows: DebugString: PrimaryIsNotTheChoosenAdapter PrimaryIsNotTheChoosenAdapter PrimaryIsNotTheChoosenAdapter 
[2020.10.06-16.27.59:970][  0]LogD3D12RHI:     Adapter Name: NVIDIA GeForce GTX 1060
[2020.10.06-16.27.59:970][  0]LogD3D12RHI:   Driver Version: 388.16 (internal:23.21.13.8816, unified:388.16)
[2020.10.06-16.27.59:970][  0]LogD3D12RHI:      Driver Date: 10-30-2017
[2020.10.06-16.27.59:999][  0]LogRHI: Texture pool is 3334 MB (70% of 4763 MB)
[2020.10.06-16.27.59:999][  0]LogD3D12RHI: Async texture creation enabled
[2020.10.06-16.27.59:999][  0]LogD3D12RHI: RHI has support for 64 bit atomics
[2020.10.06-16.28.04:201][  0]LogTargetPlatformManager: Display: Loaded TargetPlatform 'AllDesktop'
[2020.10.06-16.28.04:254][  0]LogTargetPlatformManager: Display: Loaded TargetPlatform 'Android'
[2020.10.06-16.28.04:254][  0]LogTargetPlatformManager: Display: Loaded TargetPlatform 'Android_ASTC'
[2020.10.06-16.28.04:254][  0]LogTargetPlatformManager: Display: Loaded TargetPlatform 'Android_DXT'
[2020.10.06-16.28.04:254][  0]LogTargetPlatformManager: Display: Loaded TargetPlatform 'Android_ETC2'
[2020.10.06-16.28.04:254][  0]LogTargetPlatformManager: Display: Loaded TargetPlatform 'AndroidClient'
[2020.10.06-16.28.04:254][  0]LogTargetPlatformManager: Display: Loaded TargetPlatform 'Android_ASTCClient'
[2020.10.06-16.28.04:254][  0]LogTargetPlatformManager: Display: Loaded TargetPlatform 'Android_DXTClient'
[2020.10.06-16.28.04:254][  0]LogTargetPlatformManager: Display: Loaded TargetPlatform 'Android_ETC2Client'
[2020.10.06-16.28.04:254][  0]LogTargetPlatformManager: Display: Loaded TargetPlatform 'Android_Multi'
[2020.10.06-16.28.04:254][  0]LogTargetPlatformManager: Display: Loaded TargetPlatform 'Android_MultiClient'
[2020.10.06-16.28.04:615][  0]LogTargetPlatformManager: Display: Loaded TargetPlatform 'IOSClient'
[2020.10.06-16.28.04:615][  0]LogTargetPlatformManager: Display: Loaded TargetPlatform 'IOS'
[2020.10.06-16.28.04:719][  0]LogTargetPlatformManager: Display: Loaded TargetPlatform 'Linux'
[2020.10.06-16.28.04:773][  0]LogTargetPlatformManager: Display: Loaded TargetPlatform 'LinuxNoEditor'
[2020.10.06-16.28.04:803][  0]LogTargetPlatformManager: Display: Loaded TargetPlatform 'LinuxClient'
[2020.10.06-16.28.04:816][  0]LogTargetPlatformManager: Display: Loaded TargetPlatform 'LinuxServer'
[2020.10.06-16.28.04:861][  0]LogTargetPlatformManager: Display: Loaded TargetPlatform 'LinuxAArch64NoEditor'
[2020.10.06-16.28.04:892][  0]LogTargetPlatformManager: Display: Loaded TargetPlatform 'LinuxAArch64Client'
[2020.10.06-16.28.04:930][  0]LogTargetPlatformManager: Display: Loaded TargetPlatform 'LinuxAArch64Server'
[2020.10.06-16.28.05:049][  0]LogTargetPlatformManager: Display: Loaded TargetPlatform 'Lumin'
[2020.10.06-16.28.05:050][  0]LogTargetPlatformManager: Display: Loaded TargetPlatform 'LuminClient'
[2020.10.06-16.28.05:084][  0]LogTargetPlatformManager: Display: Loaded TargetPlatform 'TVOSClient'
[2020.10.06-16.28.05:084][  0]LogTargetPlatformManager: Display: Loaded TargetPlatform 'TVOS'
[2020.10.06-16.28.05:148][  0]LogTargetPlatformManager: Display: Loaded TargetPlatform 'WindowsNoEditor'
[2020.10.06-16.28.05:244][  0]LogTargetPlatformManager: Display: Loaded TargetPlatform 'Windows'
[2020.10.06-16.28.05:257][  0]LogTargetPlatformManager: Display: Loaded TargetPlatform 'WindowsClient'
[2020.10.06-16.28.05:272][  0]LogTargetPlatformManager: Display: Loaded TargetPlatform 'WindowsServer'
[2020.10.06-16.28.05:272][  0]LogTargetPlatformManager: Display: Building Assets For Windows
[2020.10.06-16.28.06:041][  0]LogAudioDebug: Display: Lib vorbis DLL was dynamically loaded.
[2020.10.06-16.28.07:635][  0]LogShaderCompilers: Guid format shader working directory is -12 characters bigger than the processId version (../../../../../../Users/Khush/Documents/GitHub/PONG/myPONG/Intermediate/Shaders/WorkingDirectory/7016/).
[2020.10.06-16.28.07:636][  0]LogShaderCompilers: Cleaned the shader compiler working directory 'C:/Users/Khush/AppData/Local/Temp/UnrealShaderWorkingDir/E20F9C404B24617EC2B990BE94744778/'.
[2020.10.06-16.28.07:667][  0]LogXGEController: Cleaning working directory: C:/Users/Khush/AppData/Local/Temp/UnrealXGEWorkingDir/
[2020.10.06-16.28.07:668][  0]LogXGEController: Cannot use XGE Controller as Incredibuild is not installed on this machine.
[2020.10.06-16.28.07:668][  0]LogShaderCompilers: Cannot use XGE Shader Compiler as Incredibuild is not installed on this machine.
[2020.10.06-16.28.07:668][  0]LogShaderCompilers: Display: Using Local Shader Compiler.
[2020.10.06-16.28.28:109][  0]LogDerivedDataCache: Display: Max Cache Size: 512 MB
[2020.10.06-16.28.31:026][  0]LogDerivedDataCache: Loaded boot cache 2.90s 124MB C:/Users/Khush/AppData/Local/UnrealEngine/4.25/DerivedDataCache/Boot.ddc.
[2020.10.06-16.28.31:026][  0]LogDerivedDataCache: Display: Loaded Boot cache: C:/Users/Khush/AppData/Local/UnrealEngine/4.25/DerivedDataCache/Boot.ddc
[2020.10.06-16.28.31:026][  0]LogDerivedDataCache: FDerivedDataBackendGraph:  Pak pak cache file ../../../../../../Users/Khush/Documents/GitHub/PONG/myPONG/DerivedDataCache/DDC.ddp not found, will not use a pak cache.
[2020.10.06-16.28.31:026][  0]LogDerivedDataCache: Unable to find inner node Pak for hierarchical cache Hierarchy.
[2020.10.06-16.28.31:027][  0]LogDerivedDataCache: FDerivedDataBackendGraph:  CompressedPak pak cache file ../../../../../../Users/Khush/Documents/GitHub/PONG/myPONG/DerivedDataCache/Compressed.ddp not found, will not use a pak cache.
[2020.10.06-16.28.31:027][  0]LogDerivedDataCache: Unable to find inner node CompressedPak for hierarchical cache Hierarchy.
[2020.10.06-16.28.31:401][  0]LogDerivedDataCache: Display: Pak cache opened for reading ../../../Engine/DerivedDataCache/Compressed.ddp.
[2020.10.06-16.28.31:401][  0]LogDerivedDataCache: FDerivedDataBackendGraph:  EnterprisePak pak cache file ../../../Enterprise/DerivedDataCache/Compressed.ddp not found, will not use a pak cache.
[2020.10.06-16.28.31:401][  0]LogDerivedDataCache: Unable to find inner node EnterprisePak for hierarchical cache Hierarchy.
[2020.10.06-16.28.31:436][  0]LogDerivedDataCache: Using Local data cache path C:/Users/Khush/AppData/Local/UnrealEngine/Common/DerivedDataCache: Writable
[2020.10.06-16.28.31:436][  0]LogDerivedDataCache: Shared data cache path not found in *engine.ini, will not use an Shared cache.
[2020.10.06-16.28.31:436][  0]LogDerivedDataCache: Unable to find inner node Shared for hierarchical cache Hierarchy.
[2020.10.06-16.28.32:525][  0]LogSlate: Using FreeType 2.10.0
[2020.10.06-16.28.34:499][  0]LogSlate: SlateFontServices - WITH_FREETYPE: 1, WITH_HARFBUZZ: 1
[2020.10.06-16.28.40:160][  0]LogAssetRegistry: FAssetRegistry took 0.0040 seconds to start up
[2020.10.06-16.28.53:814][  0]LogInit: Selected Device Profile: [Windows]
[2020.10.06-16.29.00:247][  0]LogMeshReduction: Using QuadricMeshReduction for automatic static mesh reduction
[2020.10.06-16.29.00:247][  0]LogMeshReduction: Using SimplygonMeshReduction for automatic skeletal mesh reduction
[2020.10.06-16.29.00:247][  0]LogMeshReduction: Using ProxyLODMeshReduction for automatic mesh merging
[2020.10.06-16.29.00:247][  0]LogMeshReduction: No distributed automatic mesh merging module available
[2020.10.06-16.29.00:262][  0]LogMeshMerging: No distributed automatic mesh merging module available
[2020.10.06-16.29.01:913][  0]LogNetVersion: myPONG 1.0.0, NetCL: 13144385, EngineNetVer: 14, GameNetVer: 0 (Checksum: 1690596382)
[2020.10.06-16.29.41:573][  0]LogAISub: UAISubsystem::UAISubsystem AISubsystem (000001B0D0BBDCC0), frame # 0
[2020.10.06-16.29.41:573][  0]LogAISub: UAISubsystem::UAISubsystem AIPerceptionSystem (000001B0D0AF1BC0), frame # 0
[2020.10.06-16.29.41:581][  0]LogAISub: UAISubsystem::UAISubsystem EnvQueryManager (000001B0D0C3E200), frame # 0
[2020.10.06-16.29.42:642][  0]LogPackageLocalizationCache: Processed 19 localized package path(s) for 1 prioritized culture(s) in 0.234678 seconds
[2020.10.06-16.29.42:752][  0]LogUObjectArray: 15917 objects as part of root set at end of initial load.
[2020.10.06-16.29.42:764][  0]LogUObjectAllocator: 3965568 out of 0 bytes used by permanent object pool.
[2020.10.06-16.29.42:764][  0]LogUObjectArray: CloseDisregardForGC: 0/0 objects in disregard for GC pool
[2020.10.06-16.29.55:345][  0]LogTcpMessaging: Initializing TcpMessaging bridge
[2020.10.06-16.29.55:355][  0]LogUdpMessaging: Initializing bridge on interface 0.0.0.0:0 to multicast group 230.0.0.1:6666.
[2020.10.06-16.29.56:711][  0]SourceControl: Source control is disabled
[2020.10.06-16.29.56:811][  0]SourceControl: Source control is disabled
[2020.10.06-16.29.56:939][  0]SourceControl: Source control is disabled
[2020.10.06-16.29.56:946][  0]SourceControl: Source control is disabled
[2020.10.06-16.29.57:076][  0]SourceControl: Source control is disabled
[2020.10.06-16.30.03:432][  0]LogAndroidPermission: UAndroidPermissionCallbackProxy::GetInstance
[2020.10.06-16.30.03:616][  0]LogAudioCaptureCore: Display: No Audio Capture implementations found. Audio input will be silent.
[2020.10.06-16.30.03:616][  0]LogAudioCaptureCore: Display: No Audio Capture implementations found. Audio input will be silent.
[2020.10.06-16.30.04:264][  0]LogOcInput: OculusInput pre-init called
[2020.10.06-16.30.04:457][  0]LogWindows: Failed to load 'OVRPlugin.dll' (GetLastError=126)
[2020.10.06-16.30.04:457][  0]LogWindows: File 'OVRPlugin.dll' does not exist
[2020.10.06-16.30.07:593][  0]LogEngine: Initializing Engine...
[2020.10.06-16.30.07:677][  0]LogHMD: Failed to initialize OpenVR with code 110
[2020.10.06-16.30.07:692][  0]LogMagicLeap: Warning: VR disabled because ZI is not enabled.  To enable, in the editor, Edit -> Project Settings -> Plugins -> Magic Leap Plugin -> Enable Zero Iteration
[2020.10.06-16.30.07:735][  0]LogStats: UGameplayTagsManager::InitializeManager -  0.013 s
[2020.10.06-16.30.10:834][  0]LogInit: Initializing FReadOnlyCVARCache
[2020.10.06-16.30.12:168][  0]LogAIModule: Creating AISystem for world Untitled
[2020.10.06-16.30.12:168][  0]LogAISub: UAISubsystem::UAISubsystem EnvQueryManager (000001B0D82D1800), frame # 0
[2020.10.06-16.30.12:168][  0]LogAISub: UAISubsystem::UAISubsystem AIPerceptionSystem (000001B0D82FAC00), frame # 0
[2020.10.06-16.30.12:634][  0]LogAudioMixer: Display: Audio Mixer Platform Settings:
[2020.10.06-16.30.12:634][  0]LogAudioMixer: Display: 	Sample Rate:						  48000
[2020.10.06-16.30.12:634][  0]LogAudioMixer: Display: 	Callback Buffer Frame Size Requested: 1024
[2020.10.06-16.30.12:634][  0]LogAudioMixer: Display: 	Callback Buffer Frame Size To Use:	  1024
[2020.10.06-16.30.12:634][  0]LogAudioMixer: Display: 	Number of buffers to queue:			  2
[2020.10.06-16.30.12:634][  0]LogAudioMixer: Display: 	Max Channels (voices):				  32
[2020.10.06-16.30.12:634][  0]LogAudioMixer: Display: 	Number of Async Source Workers:		  0
[2020.10.06-16.30.12:647][  0]LogAudio: Display: AudioDevice MaxSources: 32
[2020.10.06-16.30.12:693][  0]LogAudio: Display: Using built-in audio occlusion.
[2020.10.06-16.30.12:694][  0]LogAudioMixer: Display: Initializing audio mixer.
[2020.10.06-16.30.13:179][  0]LogAudioMixer: Display: 0: FrontLeft
[2020.10.06-16.30.13:179][  0]LogAudioMixer: Display: 1: FrontRight
[2020.10.06-16.30.13:493][  0]LogAudioMixer: Display: Using Audio Device Speakers (Realtek High Definition Audio(SST))
[2020.10.06-16.30.13:528][  0]LogAudioMixer: Display: Initializing Sound Submixes...
[2020.10.06-16.30.13:726][  0]LogAudioMixer: Display: Creating Master Submix 'MasterSubmixDefault'
[2020.10.06-16.30.13:726][  0]LogAudioMixer: Display: Creating Master Submix 'MasterReverbSubmixDefault'
[2020.10.06-16.30.13:779][  0]LogAudioMixer: Display: Creating Master Submix 'MasterEQSubmixDefault'
[2020.10.06-16.30.13:781][  0]LogInit: FAudioDevice initialized.
[2020.10.06-16.30.13:790][  0]LogNetVersion: Set ProjectVersion to 1.0.0.0. Version Checksum will be recalculated on next use.
[2020.10.06-16.30.14:420][  0]LogDerivedDataCache: Saved boot cache 0.62s 105MB C:/Users/Khush/AppData/Local/UnrealEngine/4.25/DerivedDataCache/Boot.ddc.
[2020.10.06-16.30.14:429][  0]LogInit: Texture streaming: Enabled
[2020.10.06-16.30.15:111][  0]LogEngineSessionManager: EngineSessionManager initialized
[2020.10.06-16.30.15:256][  0]LogEngineSessionManager: EngineSessionManager sent abnormal shutdown report. Type=AbnormalShutdown, SessionId={F181C0B2-44B7-BDC2-3DB6-F687C473A025}
[2020.10.06-16.30.15:256][  0]LogEditorSessionSummary: Verbose: Initializing EditorSessionSummaryWriter for editor session tracking
[2020.10.06-16.30.16:301][  0]LogEditorSessionSummary: EditorSessionSummaryWriter initialized
[2020.10.06-16.30.17:712][  0]LogInit: Transaction tracking system initialized
[2020.10.06-16.30.18:546][  0]BlueprintLog: New page: Editor Load
[2020.10.06-16.30.20:814][  0]LocalizationService: Localization service is disabled
[2020.10.06-16.30.31:374][  0]LogFileCache: Scanning file cache for directory 'C:/Users/Khush/Documents/GitHub/PONG/myPONG/Content/' took 0.04s
[2020.10.06-16.30.31:374][  0]LogCook: Display: Max memory allowance for cook 16384mb min free memory 0mb
[2020.10.06-16.30.31:426][  0]LogCook: Display: Mobile HDR setting 1
[2020.10.06-16.30.43:082][  0]SourceControl: Source control is disabled
[2020.10.06-16.30.46:699][  0]LogSlate: Took 0.130821 seconds to synchronously load lazily loaded font '../../../Engine/Content/Slate/Fonts/Roboto-Regular.ttf' (155K)
[2020.10.06-16.32.21:375][  0]LogSlate: Window 'Restore Packages' being destroyed
[2020.10.06-16.32.21:424][  0]LogWindowsTextInputMethodSystem: Display: IME system now deactivated.
[2020.10.06-16.32.21:692][  0]LogWindowsTextInputMethodSystem: Display: IME system now deactivated.
[2020.10.06-16.32.25:207][  0]LogSlate: Window 'Unable to Check Out From Source Control!' being destroyed
[2020.10.06-16.32.25:209][  0]LogWindowsTextInputMethodSystem: Display: IME system now deactivated.
[2020.10.06-16.32.25:214][  0]Message dialog closed, result: Ok, title: Unable to Check Out From Source Control!, text: The following assets could not be successfully checked out from source control:
/Game/Enemy_Blueprint
/Game/StarterContent/Maps/Minimal_Default
[2020.10.06-16.32.25:615][  0]LogWindowsTextInputMethodSystem: Display: IME system now deactivated.
[2020.10.06-16.32.25:615][  0]LogUnrealEdMisc: Loading editor; pre map load, took 556.708
[2020.10.06-16.32.25:632][  0]Cmd: MAP LOAD FILE="../../../../../../Users/Khush/Documents/GitHub/PONG/myPONG/Content/StarterContent/Maps/Minimal_Default.umap" TEMPLATE=0 SHOWPROGRESS=1 FEATURELEVEL=3
[2020.10.06-16.32.25:699][  0]LightingResults: New page: Lighting Build
[2020.10.06-16.32.25:796][  0]LogWorld: UWorld::CleanupWorld for Untitled, bSessionEnded=true, bCleanupResources=true
[2020.10.06-16.32.25:840][  0]LogSlate: InvalidateAllWidgets triggered.  All widgets were invalidated
[2020.10.06-16.32.25:903][  0]MapCheck: New page: Map Check
[2020.10.06-16.32.25:903][  0]LightingResults: New page: Lighting Build
[2020.10.06-16.32.26:514][  0]LogAISub: UAISubsystem::~UAISubsystem EnvQueryManager (000001B0D82D1800), frame # 0
[2020.10.06-16.32.26:514][  0]LogAISub: UAISubsystem::~UAISubsystem AIPerceptionSystem (000001B0D82FAC00), frame # 0
[2020.10.06-16.32.26:516][  0]LogUObjectHash: Compacting FUObjectHashTables data took   1.19ms
[2020.10.06-16.32.30:924][  0]LogAIModule: Creating AISystem for world Minimal_Default
[2020.10.06-16.32.30:924][  0]LogAISub: UAISubsystem::UAISubsystem EnvQueryManager (000001B0BFB2C400), frame # 0
[2020.10.06-16.32.30:924][  0]LogAISub: UAISubsystem::UAISubsystem AIPerceptionSystem (000001B0BFABA0C0), frame # 0
[2020.10.06-16.32.33:338][  0]LogEditorServer: Finished looking for orphan Actors (0.000 secs)
[2020.10.06-16.32.34:011][  0]LogUObjectHash: Compacting FUObjectHashTables data took   2.13ms
[2020.10.06-16.32.34:111][  0]Cmd: MAP CHECKDEP NOCLEARLOG
[2020.10.06-16.32.34:125][  0]MapCheck: Map check complete: 0 Error(s), 0 Warning(s), took 13.255ms to complete.
[2020.10.06-16.32.34:125][  0]LogFileHelpers: Loading map 'Minimal_Default' took 8.493
[2020.10.06-16.32.38:174][  0]LogUnrealEdMisc: Total Editor Startup Time, took 569.267
[2020.10.06-16.32.39:726][  0]LogSlate: Updating window title bar state: overlay mode, drag disabled, window buttons hidden, title bar hidden
[2020.10.06-16.32.39:742][  0]LogSlate: Updating window title bar state: overlay mode, drag disabled, window buttons hidden, title bar hidden
[2020.10.06-16.32.39:754][  0]LogSlate: Updating window title bar state: overlay mode, drag disabled, window buttons hidden, title bar hidden
[2020.10.06-16.32.39:777][  0]LogSlate: Updating window title bar state: overlay mode, drag disabled, window buttons hidden, title bar hidden
[2020.10.06-16.32.40:029][  0]LogCollectionManager: Loaded 0 collections in 0.009346 seconds
[2020.10.06-16.32.40:278][  0]LogFileCache: Scanning file cache for directory 'C:/Users/Khush/Documents/GitHub/PONG/myPONG/Saved/Collections/' took 0.00s
[2020.10.06-16.32.40:278][  0]LogFileCache: Scanning file cache for directory 'C:/Users/Khush/Documents/GitHub/PONG/myPONG/Content/Developers/Khush/Collections/' took 0.00s
[2020.10.06-16.32.40:278][  0]LogFileCache: Scanning file cache for directory 'C:/Users/Khush/Documents/GitHub/PONG/myPONG/Content/Collections/' took 0.00s
[2020.10.06-16.32.40:278][  0]LogContentBrowser: Native class hierarchy populated in 0.0149 seconds. Added 3427 classes and 821 folders.
[2020.10.06-16.32.40:544][  0]LogContentBrowser: Native class hierarchy updated for 'WidgetCarousel' in 0.0004 seconds. Added 0 classes and 0 folders.
[2020.10.06-16.32.47:829][  0]LogContentBrowser: Native class hierarchy updated for 'AddContentDialog' in 0.0004 seconds. Added 0 classes and 0 folders.
[2020.10.06-16.32.48:127][  0]LogContentBrowser: Native class hierarchy updated for 'SceneOutliner' in 0.0004 seconds. Added 2 classes and 0 folders.
[2020.10.06-16.32.48:743][  0]LogSlate: Took 0.046179 seconds to synchronously load lazily loaded font '../../../Engine/Content/Slate/Fonts/Roboto-Bold.ttf' (160K)
[2020.10.06-16.32.48:778][  0]LogSlate: Took 0.017146 seconds to synchronously load lazily loaded font '../../../Engine/Content/Editor/Slate/Fonts/FontAwesome.ttf' (139K)
[2020.10.06-16.32.49:646][  0]LogRenderer: Reallocating scene render targets to support 964x432 Format 10 NumSamples 1 (Frame:1).
[2020.10.06-16.32.51:071][  0]LogSlate: Took 0.021834 seconds to synchronously load lazily loaded font '../../../Engine/Content/Slate/Fonts/Roboto-Light.ttf' (167K)
[2020.10.06-16.32.51:451][  0]LogContentBrowser: Native class hierarchy updated for 'HierarchicalLODOutliner' in 0.0005 seconds. Added 0 classes and 0 folders.
[2020.10.06-16.32.51:451][  0]LogLoad: (Engine Initialization) Total time: 582.54 seconds
[2020.10.06-16.32.51:451][  0]LogLoad: (Engine Initialization) Total Blueprint compile time: 0.00 seconds
[2020.10.06-16.32.51:927][  0]LogContentStreaming: Texture pool size now 1000 MB
[2020.10.06-16.32.52:877][  1]LogAssetRegistry: Asset discovery search completed in 252.7179 seconds
[2020.10.06-16.32.52:995][  1]LogCollectionManager: Fixed up redirectors for 0 collections in 0.000007 seconds (updated 0 objects)
[2020.10.06-16.32.53:268][  2]LogSlate: Took 0.000206 seconds to synchronously load lazily loaded font '../../../Engine/Content/Slate/Fonts/Roboto-Light.ttf' (167K)
[2020.10.06-17.59.07:858][331]LogEditorViewport: Clicking on Actor (LMB): Enemy_Blueprint_C (Enemy_Blueprint)
[2020.10.06-17.59.11:445][410]LogAssetEditorSubsystem: Opening Asset editor for Blueprint /Game/Enemy_Blueprint.Enemy_Blueprint
[2020.10.06-17.59.14:042][410]LogContentBrowser: Native class hierarchy updated for 'BlueprintGraph' in 0.0024 seconds. Added 125 classes and 0 folders.
[2020.10.06-17.59.18:284][410]LogSlate: Took 0.027963 seconds to synchronously load lazily loaded font '../../../Engine/Content/Slate/Fonts/Roboto-BoldCondensed.ttf' (158K)
[2020.10.06-17.59.22:379][546]LogSlate: Took 0.033435 seconds to synchronously load lazily loaded font '../../../Engine/Content/Slate/Fonts/Roboto-Italic.ttf' (157K)
[2020.10.06-18.27.29:961][494]LogUObjectHash: Compacting FUObjectHashTables data took   4.14ms
[2020.10.06-18.27.30:038][494]LogFileHelpers: Editor autosave (incl. sublevels) for '/Game/StarterContent/Maps/Minimal_Default' took 0.232
[2020.10.06-18.27.30:332][494]OBJ SavePackage: Generating thumbnails for [1] asset(s) in package [/Game/Enemy_Blueprint] ([1] browsable assets)...
[2020.10.06-18.27.30:472][494]OBJ SavePackage:     Rendered thumbnail for [Blueprint /Game/Enemy_Blueprint.Enemy_Blueprint]
[2020.10.06-18.27.30:472][494]OBJ SavePackage: Finished generating thumbnails for package [/Game/Enemy_Blueprint]
[2020.10.06-18.27.30:472][494]Cmd: OBJ SAVEPACKAGE PACKAGE="/Game/Enemy_Blueprint" FILE="../../../../../../Users/Khush/Documents/GitHub/PONG/myPONG/Saved/Autosaves/Game/Enemy_Blueprint_Auto1.uasset" SILENT=false AUTOSAVING=true
[2020.10.06-18.27.31:723][494]LogSavePackage: Moving '../../../../../../Users/Khush/Documents/GitHub/PONG/myPONG/Saved/Enemy_Blueprint_Auto1872515734B10410C3996D899026B283A.tmp' to '../../../../../../Users/Khush/Documents/GitHub/PONG/myPONG/Saved/Autosaves/Game/Enemy_Blueprint_Auto1.uasset'
[2020.10.06-18.27.31:805][494]LogFileHelpers: Auto-saving content packages took 1.766
[2020.10.06-18.37.32:414][843]LogUObjectHash: Compacting FUObjectHashTables data took   1.98ms
[2020.10.06-18.37.32:417][843]LogFileHelpers: Editor autosave (incl. sublevels) for '/Game/StarterContent/Maps/Minimal_Default' took 0.061
[2020.10.06-18.37.32:417][843]OBJ SavePackage: Generating thumbnails for [1] asset(s) in package [/Game/Enemy_Blueprint] ([1] browsable assets)...
[2020.10.06-18.37.32:449][843]OBJ SavePackage:     Rendered thumbnail for [Blueprint /Game/Enemy_Blueprint.Enemy_Blueprint]
[2020.10.06-18.37.32:449][843]OBJ SavePackage: Finished generating thumbnails for package [/Game/Enemy_Blueprint]
[2020.10.06-18.37.32:449][843]Cmd: OBJ SAVEPACKAGE PACKAGE="/Game/Enemy_Blueprint" FILE="../../../../../../Users/Khush/Documents/GitHub/PONG/myPONG/Saved/Autosaves/Game/Enemy_Blueprint_Auto2.uasset" SILENT=false AUTOSAVING=true
[2020.10.06-18.37.32:597][843]LogSavePackage: Moving '../../../../../../Users/Khush/Documents/GitHub/PONG/myPONG/Saved/Enemy_Blueprint_Auto2E381061E4175AF6D7E6725AEDEBD8E37.tmp' to '../../../../../../Users/Khush/Documents/GitHub/PONG/myPONG/Saved/Autosaves/Game/Enemy_Blueprint_Auto2.uasset'
[2020.10.06-18.37.32:657][843]LogFileHelpers: Auto-saving content packages took 0.240
[2020.10.06-18.47.37:357][508]LogUObjectHash: Compacting FUObjectHashTables data took  57.35ms
[2020.10.06-18.47.37:911][508]LogFileHelpers: Editor autosave (incl. sublevels) for '/Game/StarterContent/Maps/Minimal_Default' took 1.419
[2020.10.06-18.47.37:914][508]OBJ SavePackage: Generating thumbnails for [1] asset(s) in package [/Game/Enemy_Blueprint] ([1] browsable assets)...
[2020.10.06-18.47.38:113][508]OBJ SavePackage:     Rendered thumbnail for [Blueprint /Game/Enemy_Blueprint.Enemy_Blueprint]
[2020.10.06-18.47.38:113][508]OBJ SavePackage: Finished generating thumbnails for package [/Game/Enemy_Blueprint]
[2020.10.06-18.47.38:115][508]Cmd: OBJ SAVEPACKAGE PACKAGE="/Game/Enemy_Blueprint" FILE="../../../../../../Users/Khush/Documents/GitHub/PONG/myPONG/Saved/Autosaves/Game/Enemy_Blueprint_Auto3.uasset" SILENT=false AUTOSAVING=true
[2020.10.06-18.47.41:183][508]LogSavePackage: Moving '../../../../../../Users/Khush/Documents/GitHub/PONG/myPONG/Saved/Enemy_Blueprint_Auto33A2FE2374E942B952B4771B378760503.tmp' to '../../../../../../Users/Khush/Documents/GitHub/PONG/myPONG/Saved/Autosaves/Game/Enemy_Blueprint_Auto3.uasset'
[2020.10.06-18.47.41:221][508]LogFileHelpers: Auto-saving content packages took 3.307
[2020.10.06-18.49.27:392][780]LogVSAccessor: Warning: Couldn't access Visual Studio
[2020.10.06-18.49.27:534][780]LogVSAccessor: Warning: Couldn't access module table
[2020.10.06-18.49.27:534][780]LogVSAccessor: Warning: Couldn't access module table
[2020.10.06-18.49.27:534][780]LogVSAccessor: Warning: Couldn't access module table
[2020.10.06-18.49.27:534][780]LogVSAccessor: Warning: Couldn't access module table
[2020.10.06-18.49.27:535][780]LogVSAccessor: Warning: Couldn't access module table
[2020.10.06-18.49.27:535][780]LogVSAccessor: Warning: Couldn't access module table
[2020.10.06-18.49.27:535][780]LogVSAccessor: Warning: Couldn't access module table
[2020.10.06-18.49.27:535][780]LogVSAccessor: Warning: Couldn't access module table
[2020.10.06-18.49.27:535][780]LogVSAccessor: Warning: Couldn't access module table
[2020.10.06-18.49.27:536][780]LogVSAccessor: Warning: Couldn't access module table
[2020.10.06-18.49.27:536][780]LogVSAccessor: Warning: Couldn't access module table
[2020.10.06-18.49.27:536][780]LogVSAccessor: Warning: Couldn't access module table
[2020.10.06-18.49.27:536][780]LogVSAccessor: Warning: Couldn't access module table
[2020.10.06-18.49.27:537][780]LogVSAccessor: Warning: Couldn't access module table
[2020.10.06-18.49.27:537][780]LogVSAccessor: Warning: Couldn't access module table
[2020.10.06-18.49.27:537][780]LogVSAccessor: Warning: Couldn't access module table
[2020.10.06-18.49.27:538][780]LogVSAccessor: Warning: Couldn't access module table
[2020.10.06-18.49.27:538][780]LogVSAccessor: Warning: Couldn't access module table
[2020.10.06-18.49.27:538][780]LogVSAccessor: Warning: Couldn't access module table
[2020.10.06-18.49.27:565][780]LogVSAccessor: Warning: Couldn't access module table
[2020.10.06-18.49.27:565][780]LogVSAccessor: Warning: Couldn't access module table
[2020.10.06-18.49.27:565][780]LogVSAccessor: Warning: Couldn't access module table
[2020.10.06-18.49.27:565][780]LogVSAccessor: Warning: Couldn't access module table
[2020.10.06-18.49.27:566][780]LogVSAccessor: Warning: Couldn't access module table
[2020.10.06-18.49.27:566][780]LogVSAccessor: Warning: Couldn't access module table
[2020.10.06-18.49.27:566][780]LogVSAccessor: Warning: Couldn't access module table
[2020.10.06-18.49.27:566][780]LogVSAccessor: Warning: Couldn't access module table
[2020.10.06-18.49.27:566][780]LogVSAccessor: Warning: Couldn't access module table
[2020.10.06-18.49.27:566][780]LogVSAccessor: Warning: Couldn't access module table
[2020.10.06-18.49.27:566][780]LogVSAccessor: Warning: Couldn't access module table
[2020.10.06-18.49.27:566][780]LogVSAccessor: Warning: Couldn't access module table
[2020.10.06-18.49.27:566][780]LogVSAccessor: Warning: Couldn't access module table
[2020.10.06-18.49.27:566][780]LogVSAccessor: Warning: Couldn't access module table
[2020.10.06-18.49.27:567][780]LogVSAccessor: Warning: Couldn't access module table
[2020.10.06-18.49.27:567][780]LogVSAccessor: Warning: Couldn't access module table
[2020.10.06-18.49.27:567][780]LogVSAccessor: Warning: Couldn't access module table
[2020.10.06-18.49.27:567][780]LogVSAccessor: Warning: Couldn't access module table
[2020.10.06-18.49.27:567][780]LogVSAccessor: Warning: Couldn't access module table
[2020.10.06-18.49.27:567][780]LogVSAccessor: Warning: Couldn't access module table
[2020.10.06-18.49.27:567][780]LogVSAccessor: Warning: Couldn't access module table
[2020.10.06-18.49.27:567][780]LogVSAccessor: Warning: Couldn't access module table
[2020.10.06-18.49.27:567][780]LogVSAccessor: Warning: Couldn't access module table
[2020.10.06-18.49.27:567][780]LogVSAccessor: Warning: Couldn't access module table
[2020.10.06-18.49.27:567][780]LogVSAccessor: Warning: Couldn't access module table
[2020.10.06-18.49.27:567][780]LogVSAccessor: Warning: Couldn't access module table
[2020.10.06-18.49.27:567][780]LogVSAccessor: Warning: Couldn't access module table
[2020.10.06-18.49.27:568][780]LogVSAccessor: Warning: Couldn't access module table
[2020.10.06-18.49.27:568][780]LogVSAccessor: Warning: Couldn't access module table
[2020.10.06-18.49.27:568][780]LogVSAccessor: Warning: Couldn't access module table
[2020.10.06-18.49.27:568][780]LogVSAccessor: Warning: Couldn't access module table
[2020.10.06-18.49.27:568][780]LogVSAccessor: Warning: Couldn't access module table
[2020.10.06-18.49.27:568][780]LogVSAccessor: Warning: Couldn't access module table
[2020.10.06-18.49.27:568][780]LogVSAccessor: Warning: Couldn't access module table
[2020.10.06-18.49.27:568][780]LogVSAccessor: Warning: Couldn't access module table
[2020.10.06-18.49.27:568][780]LogVSAccessor: Warning: Couldn't access module table
[2020.10.06-18.49.27:568][780]LogVSAccessor: Warning: Couldn't access module table
[2020.10.06-18.49.27:568][780]LogVSAccessor: Warning: Couldn't access module table
[2020.10.06-18.49.27:568][780]LogVSAccessor: Warning: Couldn't access module table
[2020.10.06-18.49.27:568][780]LogVSAccessor: Warning: Couldn't access module table
[2020.10.06-18.49.27:568][780]LogVSAccessor: Warning: Couldn't access module table
[2020.10.06-18.49.27:569][780]LogVSAccessor: Warning: Couldn't access module table
[2020.10.06-18.49.27:569][780]LogVSAccessor: Warning: Couldn't access module table
[2020.10.06-18.49.27:569][780]LogVSAccessor: Warning: Couldn't access module table
[2020.10.06-18.49.27:569][780]LogVSAccessor: Warning: Couldn't access module table
[2020.10.06-18.49.27:569][780]LogVSAccessor: Warning: Couldn't access module table
[2020.10.06-18.49.27:569][780]LogVSAccessor: Warning: Couldn't access module table
[2020.10.06-18.49.27:569][780]LogVSAccessor: Warning: Couldn't access module table
[2020.10.06-18.49.27:569][780]LogVSAccessor: Warning: Couldn't access module table
[2020.10.06-18.49.27:570][780]LogVSAccessor: Warning: Couldn't access module table
[2020.10.06-18.49.27:570][780]LogVSAccessor: Warning: Couldn't access module table
[2020.10.06-18.49.27:570][780]LogVSAccessor: Warning: Couldn't access module table
[2020.10.06-18.49.27:570][780]LogVSAccessor: Warning: Couldn't access module table
[2020.10.06-18.49.27:570][780]LogVSAccessor: Warning: Couldn't access module table
[2020.10.06-18.49.27:570][780]LogVSAccessor: Warning: Couldn't access module table
[2020.10.06-18.49.27:570][780]LogVSAccessor: Warning: Couldn't access module table
[2020.10.06-18.49.27:570][780]LogVSAccessor: Warning: Couldn't access module table
[2020.10.06-18.49.27:571][780]LogVSAccessor: Warning: Couldn't access module table
[2020.10.06-18.49.27:571][780]LogVSAccessor: Warning: Couldn't access module table
[2020.10.06-18.49.27:571][780]LogVSAccessor: Warning: Couldn't access module table
[2020.10.06-18.49.27:571][780]LogVSAccessor: Warning: Couldn't access module table
[2020.10.06-18.49.27:571][780]LogVSAccessor: Warning: Couldn't access module table
[2020.10.06-18.49.27:572][780]LogVSAccessor: Warning: Couldn't access module table
[2020.10.06-18.49.27:572][780]LogVSAccessor: Warning: Couldn't access module table
[2020.10.06-18.49.27:572][780]LogVSAccessor: Warning: Couldn't access module table
[2020.10.06-18.49.27:572][780]LogVSAccessor: Warning: Couldn't access module table
[2020.10.06-18.49.27:572][780]LogVSAccessor: Warning: Couldn't access module table
[2020.10.06-18.49.27:572][780]LogVSAccessor: Warning: Couldn't access module table
[2020.10.06-18.49.27:572][780]LogVSAccessor: Warning: Couldn't access module table
[2020.10.06-18.49.27:573][780]LogVSAccessor: Warning: Couldn't access module table
[2020.10.06-18.49.27:573][780]LogVSAccessor: Warning: Couldn't access module table
[2020.10.06-18.49.27:573][780]LogVSAccessor: Warning: Couldn't access module table
[2020.10.06-18.49.27:573][780]LogVSAccessor: Warning: Couldn't access module table
[2020.10.06-18.49.27:573][780]LogVSAccessor: Warning: Couldn't access module table
[2020.10.06-18.49.27:573][780]LogVSAccessor: Warning: Couldn't access module table
[2020.10.06-18.49.27:573][780]LogVSAccessor: Warning: Couldn't access module table
[2020.10.06-18.49.27:573][780]LogVSAccessor: Warning: Couldn't access module table
[2020.10.06-18.49.27:574][780]LogVSAccessor: Warning: Couldn't access module table
[2020.10.06-18.49.27:574][780]LogVSAccessor: Warning: Couldn't access module table
[2020.10.06-18.49.27:574][780]LogVSAccessor: Warning: Couldn't access module table
[2020.10.06-18.49.27:574][780]LogVSAccessor: Warning: Couldn't access module table
[2020.10.06-18.49.27:574][780]LogVSAccessor: Warning: Couldn't access module table
[2020.10.06-18.49.27:574][780]LogVSAccessor: Warning: Couldn't access module table
[2020.10.06-18.49.27:574][780]LogVSAccessor: Warning: Couldn't access module table
[2020.10.06-18.49.27:650][780]LogVSAccessor: Warning: Couldn't access module table
[2020.10.06-18.49.27:694][780]LogVSAccessor: Warning: Couldn't access module table
[2020.10.06-18.49.27:694][780]LogVSAccessor: Warning: Couldn't access module table
[2020.10.06-18.49.33:673][780]LogVSAccessor: Warning: Couldn't access module table
[2020.10.06-18.49.33:673][780]LogVSAccessor: Warning: Couldn't access module table
[2020.10.06-18.49.33:673][780]LogVSAccessor: Warning: Couldn't access module table
[2020.10.06-18.49.34:112][780]LogVSAccessor: Warning: Couldn't access module table
[2020.10.06-18.49.38:723][780]LogVSAccessor: Warning: Couldn't access module table
[2020.10.06-18.49.42:396][780]LogVSAccessor: Warning: Couldn't access module table
[2020.10.06-18.49.43:930][780]LogVSAccessor: Warning: Couldn't access module table
[2020.10.06-18.49.50:533][780]LogVSAccessor: Warning: Couldn't access module table
[2020.10.06-18.49.50:534][780]LogVSAccessor: Warning: Couldn't access module table
[2020.10.06-18.49.50:535][780]LogVSAccessor: Warning: Couldn't access module table
[2020.10.06-18.49.50:536][780]LogVSAccessor: Warning: Couldn't access module table
[2020.10.06-18.49.50:537][780]LogVSAccessor: Warning: Couldn't access module table
[2020.10.06-19.09.02:692][744]LogUObjectHash: Compacting FUObjectHashTables data took   7.46ms
[2020.10.06-19.09.02:804][744]LogFileHelpers: Editor autosave (incl. sublevels) for '/Game/StarterContent/Maps/Minimal_Default' took 0.219
[2020.10.06-19.09.02:806][744]OBJ SavePackage: Generating thumbnails for [1] asset(s) in package [/Game/Enemy_Blueprint] ([1] browsable assets)...
[2020.10.06-19.09.02:838][744]OBJ SavePackage:     Rendered thumbnail for [Blueprint /Game/Enemy_Blueprint.Enemy_Blueprint]
[2020.10.06-19.09.02:838][744]OBJ SavePackage: Finished generating thumbnails for package [/Game/Enemy_Blueprint]
[2020.10.06-19.09.02:838][744]Cmd: OBJ SAVEPACKAGE PACKAGE="/Game/Enemy_Blueprint" FILE="../../../../../../Users/Khush/Documents/GitHub/PONG/myPONG/Saved/Autosaves/Game/Enemy_Blueprint_Auto4.uasset" SILENT=false AUTOSAVING=true
[2020.10.06-19.09.03:688][744]LogSavePackage: Moving '../../../../../../Users/Khush/Documents/GitHub/PONG/myPONG/Saved/Enemy_Blueprint_Auto47F8F3A1B4D2EE2135AFDA4B76E522FFB.tmp' to '../../../../../../Users/Khush/Documents/GitHub/PONG/myPONG/Saved/Autosaves/Game/Enemy_Blueprint_Auto4.uasset'
[2020.10.06-19.09.03:689][744]LogFileHelpers: Auto-saving content packages took 0.884
[2020.10.06-19.17.53:954][843]LogVSAccessor: Warning: Couldn't access Visual Studio
[2020.10.06-19.17.54:019][843]LogVSAccessor: Warning: Couldn't access module table
[2020.10.06-19.17.54:019][843]LogVSAccessor: Warning: Couldn't access module table
[2020.10.06-19.17.54:019][843]LogVSAccessor: Warning: Couldn't access module table
[2020.10.06-19.17.54:019][843]LogVSAccessor: Warning: Couldn't access module table
[2020.10.06-19.17.54:019][843]LogVSAccessor: Warning: Couldn't access module table
[2020.10.06-19.17.54:019][843]LogVSAccessor: Warning: Couldn't access module table
[2020.10.06-19.17.54:020][843]LogVSAccessor: Warning: Couldn't access module table
[2020.10.06-19.17.54:020][843]LogVSAccessor: Warning: Couldn't access module table
[2020.10.06-19.17.54:020][843]LogVSAccessor: Warning: Couldn't access module table
[2020.10.06-19.17.54:020][843]LogVSAccessor: Warning: Couldn't access module table
[2020.10.06-19.17.54:020][843]LogVSAccessor: Warning: Couldn't access module table
[2020.10.06-19.17.54:020][843]LogVSAccessor: Warning: Couldn't access module table
[2020.10.06-19.17.54:020][843]LogVSAccessor: Warning: Couldn't access module table
[2020.10.06-19.17.54:020][843]LogVSAccessor: Warning: Couldn't access module table
[2020.10.06-19.17.54:020][843]LogVSAccessor: Warning: Couldn't access module table
[2020.10.06-19.17.54:021][843]LogVSAccessor: Warning: Couldn't access module table
[2020.10.06-19.17.54:021][843]LogVSAccessor: Warning: Couldn't access module table
[2020.10.06-19.17.54:021][843]LogVSAccessor: Warning: Couldn't access module table
[2020.10.06-19.17.54:021][843]LogVSAccessor: Warning: Couldn't access module table
[2020.10.06-19.17.54:021][843]LogVSAccessor: Warning: Couldn't access module table
[2020.10.06-19.17.54:021][843]LogVSAccessor: Warning: Couldn't access module table
[2020.10.06-19.17.54:021][843]LogVSAccessor: Warning: Couldn't access module table
[2020.10.06-19.17.54:021][843]LogVSAccessor: Warning: Couldn't access module table
[2020.10.06-19.17.54:021][843]LogVSAccessor: Warning: Couldn't access module table
[2020.10.06-19.17.54:022][843]LogVSAccessor: Warning: Couldn't access module table
[2020.10.06-19.17.54:022][843]LogVSAccessor: Warning: Couldn't access module table
[2020.10.06-19.17.54:022][843]LogVSAccessor: Warning: Couldn't access module table
[2020.10.06-19.17.54:022][843]LogVSAccessor: Warning: Couldn't access module table
[2020.10.06-19.17.54:022][843]LogVSAccessor: Warning: Couldn't access module table
[2020.10.06-19.17.54:022][843]LogVSAccessor: Warning: Couldn't access module table
[2020.10.06-19.17.54:022][843]LogVSAccessor: Warning: Couldn't access module table
[2020.10.06-19.17.54:022][843]LogVSAccessor: Warning: Couldn't access module table
[2020.10.06-19.17.54:023][843]LogVSAccessor: Warning: Couldn't access module table
[2020.10.06-19.17.54:023][843]LogVSAccessor: Warning: Couldn't access module table
[2020.10.06-19.17.54:023][843]LogVSAccessor: Warning: Couldn't access module table
[2020.10.06-19.17.54:023][843]LogVSAccessor: Warning: Couldn't access module table
[2020.10.06-19.17.54:023][843]LogVSAccessor: Warning: Couldn't access module table
[2020.10.06-19.17.54:023][843]LogVSAccessor: Warning: Couldn't access module table
[2020.10.06-19.17.54:023][843]LogVSAccessor: Warning: Couldn't access module table
[2020.10.06-19.17.54:023][843]LogVSAccessor: Warning: Couldn't access module table
[2020.10.06-19.17.54:023][843]LogVSAccessor: Warning: Couldn't access module table
[2020.10.06-19.17.54:024][843]LogVSAccessor: Warning: Couldn't access module table
[2020.10.06-19.17.54:024][843]LogVSAccessor: Warning: Couldn't access module table
[2020.10.06-19.17.54:024][843]LogVSAccessor: Warning: Couldn't access module table
[2020.10.06-19.17.54:024][843]LogVSAccessor: Warning: Couldn't access module table
[2020.10.06-19.17.54:024][843]LogVSAccessor: Warning: Couldn't access module table
[2020.10.06-19.17.54:024][843]LogVSAccessor: Warning: Couldn't access module table
[2020.10.06-19.17.54:024][843]LogVSAccessor: Warning: Couldn't access module table
[2020.10.06-19.17.54:024][843]LogVSAccessor: Warning: Couldn't access module table
[2020.10.06-19.17.54:024][843]LogVSAccessor: Warning: Couldn't access module table
[2020.10.06-19.17.54:024][843]LogVSAccessor: Warning: Couldn't access module table
[2020.10.06-19.17.54:024][843]LogVSAccessor: Warning: Couldn't access module table
[2020.10.06-19.17.54:025][843]LogVSAccessor: Warning: Couldn't access module table
[2020.10.06-19.17.54:025][843]LogVSAccessor: Warning: Couldn't access module table
[2020.10.06-19.17.54:025][843]LogVSAccessor: Warning: Couldn't access module table
[2020.10.06-19.17.54:025][843]LogVSAccessor: Warning: Couldn't access module table
[2020.10.06-19.17.54:025][843]LogVSAccessor: Warning: Couldn't access module table
[2020.10.06-19.17.54:025][843]LogVSAccessor: Warning: Couldn't access module table
[2020.10.06-19.17.54:025][843]LogVSAccessor: Warning: Couldn't access module table
[2020.10.06-19.17.54:025][843]LogVSAccessor: Warning: Couldn't access module table
[2020.10.06-19.17.54:025][843]LogVSAccessor: Warning: Couldn't access module table
[2020.10.06-19.17.54:025][843]LogVSAccessor: Warning: Couldn't access module table
[2020.10.06-19.17.54:025][843]LogVSAccessor: Warning: Couldn't access module table
[2020.10.06-19.17.54:025][843]LogVSAccessor: Warning: Couldn't access module table
[2020.10.06-19.17.54:026][843]LogVSAccessor: Warning: Couldn't access module table
[2020.10.06-19.17.54:026][843]LogVSAccessor: Warning: Couldn't access module table
[2020.10.06-19.17.54:026][843]LogVSAccessor: Warning: Couldn't access module table
[2020.10.06-19.17.54:026][843]LogVSAccessor: Warning: Couldn't access module table
[2020.10.06-19.17.54:026][843]LogVSAccessor: Warning: Couldn't access module table
[2020.10.06-19.17.54:026][843]LogVSAccessor: Warning: Couldn't access module table
[2020.10.06-19.17.54:026][843]LogVSAccessor: Warning: Couldn't access module table
[2020.10.06-19.17.54:026][843]LogVSAccessor: Warning: Couldn't access module table
[2020.10.06-19.17.54:026][843]LogVSAccessor: Warning: Couldn't access module table
[2020.10.06-19.17.54:026][843]LogVSAccessor: Warning: Couldn't access module table
[2020.10.06-19.17.54:026][843]LogVSAccessor: Warning: Couldn't access module table
[2020.10.06-19.17.54:026][843]LogVSAccessor: Warning: Couldn't access module table
[2020.10.06-19.17.54:027][843]LogVSAccessor: Warning: Couldn't access module table
[2020.10.06-19.17.54:027][843]LogVSAccessor: Warning: Couldn't access module table
[2020.10.06-19.17.54:027][843]LogVSAccessor: Warning: Couldn't access module table
[2020.10.06-19.17.54:027][843]LogVSAccessor: Warning: Couldn't access module table
[2020.10.06-19.17.54:027][843]LogVSAccessor: Warning: Couldn't access module table
[2020.10.06-19.17.54:027][843]LogVSAccessor: Warning: Couldn't access module table
[2020.10.06-19.17.54:027][843]LogVSAccessor: Warning: Couldn't access module table
[2020.10.06-19.17.54:027][843]LogVSAccessor: Warning: Couldn't access module table
[2020.10.06-19.17.54:027][843]LogVSAccessor: Warning: Couldn't access module table
[2020.10.06-19.17.54:027][843]LogVSAccessor: Warning: Couldn't access module table
[2020.10.06-19.17.54:028][843]LogVSAccessor: Warning: Couldn't access module table
[2020.10.06-19.17.54:028][843]LogVSAccessor: Warning: Couldn't access module table
[2020.10.06-19.17.54:028][843]LogVSAccessor: Warning: Couldn't access module table
[2020.10.06-19.17.54:028][843]LogVSAccessor: Warning: Couldn't access module table
[2020.10.06-19.17.54:028][843]LogVSAccessor: Warning: Couldn't access module table
[2020.10.06-19.17.54:028][843]LogVSAccessor: Warning: Couldn't access module table
[2020.10.06-19.17.54:028][843]LogVSAccessor: Warning: Couldn't access module table
[2020.10.06-19.17.54:028][843]LogVSAccessor: Warning: Couldn't access module table
[2020.10.06-19.17.54:029][843]LogVSAccessor: Warning: Couldn't access module table
[2020.10.06-19.17.54:029][843]LogVSAccessor: Warning: Couldn't access module table
[2020.10.06-19.17.54:029][843]LogVSAccessor: Warning: Couldn't access module table
[2020.10.06-19.17.54:029][843]LogVSAccessor: Warning: Couldn't access module table
[2020.10.06-19.17.54:029][843]LogVSAccessor: Warning: Couldn't access module table
[2020.10.06-19.17.54:029][843]LogVSAccessor: Warning: Couldn't access module table
[2020.10.06-19.17.54:029][843]LogVSAccessor: Warning: Couldn't access module table
[2020.10.06-19.17.54:029][843]LogVSAccessor: Warning: Couldn't access module table
[2020.10.06-19.17.54:029][843]LogVSAccessor: Warning: Couldn't access module table
[2020.10.06-19.17.54:032][843]LogVSAccessor: Warning: Couldn't access module table
[2020.10.06-19.17.54:035][843]LogVSAccessor: Warning: Couldn't access module table
[2020.10.06-19.17.54:035][843]LogVSAccessor: Warning: Couldn't access module table
[2020.10.06-19.17.54:097][843]LogVSAccessor: Warning: Couldn't access module table
[2020.10.06-19.17.54:097][843]LogVSAccessor: Warning: Couldn't access module table
[2020.10.06-19.17.54:097][843]LogVSAccessor: Warning: Couldn't access module table
[2020.10.06-19.17.54:100][843]LogVSAccessor: Warning: Couldn't access module table
[2020.10.06-19.17.54:134][843]LogVSAccessor: Warning: Couldn't access module table
[2020.10.06-19.17.54:156][843]LogVSAccessor: Warning: Couldn't access module table
[2020.10.06-19.17.54:177][843]LogVSAccessor: Warning: Couldn't access module table
[2020.10.06-19.17.54:235][843]LogVSAccessor: Warning: Couldn't access module table
[2020.10.06-19.17.54:236][843]LogVSAccessor: Warning: Couldn't access module table
[2020.10.06-19.19.16:178][159]BlueprintLog: New page: Compile Enemy_Blueprint
[2020.10.06-19.19.22:318][159]LogUObjectHash: Compacting FUObjectHashTables data took  30.87ms
[2020.10.06-19.19.24:996][159]LogSlate: Took 0.114315 seconds to synchronously load lazily loaded font '../../../Engine/Content/Slate/Fonts/DroidSansMono.ttf' (77K)
[2020.10.06-19.19.26:433][202]Cmd: OBJ SAVEPACKAGE PACKAGE="/Game/Enemy_Blueprint" FILE="../../../../../../Users/Khush/Documents/GitHub/PONG/myPONG/Content/Enemy_Blueprint.uasset" SILENT=true
[2020.10.06-19.19.27:075][202]LogSavePackage: Moving '../../../../../../Users/Khush/Documents/GitHub/PONG/myPONG/Saved/Enemy_BlueprintAA213D5D4CC0092C091E14971EF8939F.tmp' to '../../../../../../Users/Khush/Documents/GitHub/PONG/myPONG/Content/Enemy_Blueprint.uasset'
[2020.10.06-19.19.27:473][202]AssetCheck: New page: Asset Save: Enemy_Blueprint
[2020.10.06-19.19.27:473][202]LogContentValidation: Display: Validating Blueprint /Game/Enemy_Blueprint.Enemy_Blueprint
[2020.10.06-19.19.55:158][436]LogUObjectHash: Compacting FUObjectHashTables data took   3.26ms
[2020.10.06-19.19.56:681][436]LogSavePackage: Moving '../../../../../../Users/Khush/Documents/GitHub/PONG/myPONG/Saved/Minimal_Default_Auto55ECC83404394262A789F7BBBB459BC2C.tmp' to '../../../../../../Users/Khush/Documents/GitHub/PONG/myPONG/Saved/Autosaves/Game/StarterContent/Maps/Minimal_Default_Auto5.umap'
[2020.10.06-19.19.56:712][436]LogFileHelpers: Editor autosave (incl. sublevels) for '/Game/StarterContent/Maps/Minimal_Default' took 1.646
[2020.10.06-19.19.56:712][436]LogFileHelpers: Editor autosave (incl. sublevels) for all levels took 1.646
[2020.10.06-19.23.02:063][242]BlueprintLog: New page: Compile Enemy_Blueprint
[2020.10.06-19.23.03:285][242]LogUObjectHash: Compacting FUObjectHashTables data took  29.22ms
[2020.10.06-19.23.04:316][263]Cmd: OBJ SAVEPACKAGE PACKAGE="/Game/Enemy_Blueprint" FILE="../../../../../../Users/Khush/Documents/GitHub/PONG/myPONG/Content/Enemy_Blueprint.uasset" SILENT=true
[2020.10.06-19.23.04:856][263]LogSavePackage: Moving '../../../../../../Users/Khush/Documents/GitHub/PONG/myPONG/Saved/Enemy_Blueprint5399035F403BFF0D33EFB6BDC5BA0E4B.tmp' to '../../../../../../Users/Khush/Documents/GitHub/PONG/myPONG/Content/Enemy_Blueprint.uasset'
[2020.10.06-19.23.04:889][263]AssetCheck: New page: Asset Save: Enemy_Blueprint
[2020.10.06-19.23.04:890][263]LogContentValidation: Display: Validating Blueprint /Game/Enemy_Blueprint.Enemy_Blueprint
[2020.10.06-19.23.25:877][921]BlueprintLog: New page: Compile Enemy_Blueprint
[2020.10.06-19.23.26:197][921]LogUObjectHash: Compacting FUObjectHashTables data took   2.77ms
[2020.10.06-19.23.26:953][945]Cmd: OBJ SAVEPACKAGE PACKAGE="/Game/Enemy_Blueprint" FILE="../../../../../../Users/Khush/Documents/GitHub/PONG/myPONG/Content/Enemy_Blueprint.uasset" SILENT=true
[2020.10.06-19.23.27:532][945]LogSavePackage: Moving '../../../../../../Users/Khush/Documents/GitHub/PONG/myPONG/Saved/Enemy_BlueprintB457CE494B73876EB9B4CEB6EE947306.tmp' to '../../../../../../Users/Khush/Documents/GitHub/PONG/myPONG/Content/Enemy_Blueprint.uasset'
[2020.10.06-19.23.27:577][945]AssetCheck: New page: Asset Save: Enemy_Blueprint
[2020.10.06-19.23.27:577][945]LogContentValidation: Display: Validating Blueprint /Game/Enemy_Blueprint.Enemy_Blueprint
[2020.10.06-19.24.45:447][337]LogSlate: Took 0.100437 seconds to synchronously load lazily loaded font '../../../Engine/Content/Slate/Fonts/Roboto-BoldCondensedItalic.ttf' (160K)
[2020.10.06-19.24.49:251][500]BlueprintLog: New page: Compile Enemy_Blueprint
[2020.10.06-19.24.49:499][500]LogUObjectHash: Compacting FUObjectHashTables data took   2.78ms
[2020.10.06-19.24.54:691][745]BlueprintLog: New page: Compile Enemy_Blueprint
[2020.10.06-19.24.54:805][745]LogUObjectHash: Compacting FUObjectHashTables data took   2.40ms
[2020.10.06-19.25.17:844][884]BlueprintLog: New page: Compile Enemy_Blueprint
[2020.10.06-19.25.18:057][884]LogUObjectHash: Compacting FUObjectHashTables data took   3.43ms
[2020.10.06-19.25.19:449][938]Cmd: OBJ SAVEPACKAGE PACKAGE="/Game/Enemy_Blueprint" FILE="../../../../../../Users/Khush/Documents/GitHub/PONG/myPONG/Content/Enemy_Blueprint.uasset" SILENT=true
[2020.10.06-19.25.19:742][938]LogSavePackage: Moving '../../../../../../Users/Khush/Documents/GitHub/PONG/myPONG/Saved/Enemy_Blueprint443FC7374544B7C15F4BBB9E4906FC22.tmp' to '../../../../../../Users/Khush/Documents/GitHub/PONG/myPONG/Content/Enemy_Blueprint.uasset'
[2020.10.06-19.25.19:757][938]AssetCheck: New page: Asset Save: Enemy_Blueprint
[2020.10.06-19.25.19:758][938]LogContentValidation: Display: Validating Blueprint /Game/Enemy_Blueprint.Enemy_Blueprint
[2020.10.06-19.29.57:276][165]LogUObjectHash: Compacting FUObjectHashTables data took   2.82ms
[2020.10.06-19.29.57:425][165]LogSavePackage: Moving '../../../../../../Users/Khush/Documents/GitHub/PONG/myPONG/Saved/Minimal_Default_Auto6426B8ACD4922DA80148714B2AF69B165.tmp' to '../../../../../../Users/Khush/Documents/GitHub/PONG/myPONG/Saved/Autosaves/Game/StarterContent/Maps/Minimal_Default_Auto6.umap'
[2020.10.06-19.29.57:428][165]LogFileHelpers: Editor autosave (incl. sublevels) for '/Game/StarterContent/Maps/Minimal_Default' took 0.182
[2020.10.06-19.29.57:428][165]LogFileHelpers: Editor autosave (incl. sublevels) for all levels took 0.182
[2020.10.06-19.34.18:357][ 54]LogUObjectHash: Compacting FUObjectHashTables data took   0.97ms
[2020.10.06-19.34.19:179][ 54]LogSavePackage: Moving '../../../../../../Users/Khush/Documents/GitHub/PONG/myPONG/Saved/Minimal_DefaultFA3265E342B152E74B7FFE82EA39845B.tmp' to '../../../../../../Users/Khush/Documents/GitHub/PONG/myPONG/Content/StarterContent/Maps/Minimal_Default.umap'
[2020.10.06-19.34.23:899][ 54]LogSavePackage: Moving '../../../../../../Users/Khush/Documents/GitHub/PONG/myPONG/Saved/Minimal_Default_BuiltDataC928665A4BD2C37505FDB0B38C537508.tmp' to '../../../../../../Users/Khush/Documents/GitHub/PONG/myPONG/Content/StarterContent/Maps/Minimal_Default_BuiltData.uasset'
[2020.10.06-19.34.24:402][ 54]AssetCheck: New page: Asset Save: multiple assets
[2020.10.06-19.34.24:402][ 54]LogContentValidation: Display: Validating World /Game/StarterContent/Maps/Minimal_Default.Minimal_Default
[2020.10.06-19.34.24:402][ 54]LogContentValidation: Display: Validating MapBuildDataRegistry /Game/StarterContent/Maps/Minimal_Default_BuiltData.Minimal_Default_BuiltData
